Flow report for move_computer1119
Mon Nov 21 17:18:56 2022
Quartus Prime Version 17.1.0 Build 590 10/25/2017 SJ Lite Edition


---------------------
; Table of Contents ;
---------------------
  1. Legal Notice
  2. Flow Summary
  3. Flow Settings
  4. Flow Non-Default Global Settings
  5. Flow Elapsed Time
  6. Flow OS Summary
  7. Flow Log
  8. Flow Messages
  9. Flow Suppressed Messages



----------------
; Legal Notice ;
----------------
Copyright (C) 2017  Intel Corporation. All rights reserved.
Your use of Intel Corporation's design tools, logic functions 
and other software and tools, and its AMPP partner logic 
functions, and any output files from any of the foregoing 
(including device programming or simulation files), and any 
associated documentation or information are expressly subject 
to the terms and conditions of the Intel Program License 
Subscription Agreement, the Intel Quartus Prime License Agreement,
the Intel FPGA IP License Agreement, or other applicable license
agreement, including, without limitation, that your use is for
the sole purpose of programming logic devices manufactured by
Intel and sold by Intel or its authorized distributors.  Please
refer to the applicable agreement for further details.



+----------------------------------------------------------------------------------+
; Flow Summary                                                                     ;
+------------------------------------+---------------------------------------------+
; Flow Status                        ; Successful - Mon Nov 21 17:18:56 2022       ;
; Quartus Prime Version              ; 17.1.0 Build 590 10/25/2017 SJ Lite Edition ;
; Revision Name                      ; move_computer1119                           ;
; Top-level Entity Name              ; move_computer1119                           ;
; Family                             ; Cyclone IV E                                ;
; Device                             ; EP4CE55F23C8                                ;
; Timing Models                      ; Final                                       ;
; Total logic elements               ; 255 / 55,856 ( < 1 % )                      ;
;     Total combinational functions  ; 217 / 55,856 ( < 1 % )                      ;
;     Dedicated logic registers      ; 92 / 55,856 ( < 1 % )                       ;
; Total registers                    ; 92                                          ;
; Total pins                         ; 89 / 325 ( 27 % )                           ;
; Total virtual pins                 ; 0                                           ;
; Total memory bits                  ; 3,584 / 2,396,160 ( < 1 % )                 ;
; Embedded Multiplier 9-bit elements ; 0 / 308 ( 0 % )                             ;
; Total PLLs                         ; 0 / 4 ( 0 % )                               ;
+------------------------------------+---------------------------------------------+


+-----------------------------------------+
; Flow Settings                           ;
+-------------------+---------------------+
; Option            ; Setting             ;
+-------------------+---------------------+
; Start date & time ; 11/21/2022 15:08:29 ;
; Main task         ; Compilation         ;
; Revision Name     ; move_computer1119   ;
+-------------------+---------------------+


+---------------------------------------------------------------------------------------------------------------------------------------+
; Flow Non-Default Global Settings                                                                                                      ;
+-------------------------------------+--------------------------------------------------+---------------+-------------+----------------+
; Assignment Name                     ; Value                                            ; Default Value ; Entity Name ; Section Id     ;
+-------------------------------------+--------------------------------------------------+---------------+-------------+----------------+
; COMPILER_SIGNATURE_ID               ; 181083368305730.166901450901656                  ; --            ; --          ; --             ;
; EDA_GENERATE_FUNCTIONAL_NETLIST     ; On                                               ; --            ; --          ; eda_simulation ;
; EDA_NETLIST_WRITER_OUTPUT_DIR       ; E:/homework/forth/move_computer/simulation/qsim/ ; --            ; --          ; eda_simulation ;
; EDA_OUTPUT_DATA_FORMAT              ; Verilog Hdl                                      ; --            ; --          ; eda_simulation ;
; EDA_SIMULATION_TOOL                 ; ModelSim-Altera (Verilog)                        ; <None>        ; --          ; --             ;
; MAX_CORE_JUNCTION_TEMP              ; 85                                               ; --            ; --          ; --             ;
; MIN_CORE_JUNCTION_TEMP              ; 0                                                ; --            ; --          ; --             ;
; MISC_FILE                           ; lpm_mux0.bsf                                     ; --            ; --          ; --             ;
; MISC_FILE                           ; lpm_mux0.cmp                                     ; --            ; --          ; --             ;
; NOMINAL_CORE_SUPPLY_VOLTAGE         ; 1.2V                                             ; --            ; --          ; --             ;
; PARTITION_COLOR                     ; -- (Not supported for targeted family)           ; --            ; --          ; Top            ;
; PARTITION_FITTER_PRESERVATION_LEVEL ; -- (Not supported for targeted family)           ; --            ; --          ; Top            ;
; PARTITION_NETLIST_TYPE              ; -- (Not supported for targeted family)           ; --            ; --          ; Top            ;
; PROJECT_OUTPUT_DIRECTORY            ; output_files                                     ; --            ; --          ; --             ;
+-------------------------------------+--------------------------------------------------+---------------+-------------+----------------+


+-------------------------------------------------------------------------------------------------------------------------------+
; Flow Elapsed Time                                                                                                             ;
+---------------------------+--------------+-------------------------+---------------------+------------------------------------+
; Module Name               ; Elapsed Time ; Average Processors Used ; Peak Virtual Memory ; Total CPU Time (on all processors) ;
+---------------------------+--------------+-------------------------+---------------------+------------------------------------+
; Analysis & Synthesis      ; 00:00:17     ; 1.0                     ; 4877 MB             ; 00:00:27                           ;
; Fitter                    ; 00:00:23     ; 1.1                     ; 6571 MB             ; 00:00:29                           ;
; Assembler                 ; 00:00:02     ; 1.0                     ; 4675 MB             ; 00:00:02                           ;
; TimeQuest Timing Analyzer ; 00:00:03     ; 1.1                     ; 4939 MB             ; 00:00:03                           ;
; EDA Netlist Writer        ; 00:00:01     ; 1.0                     ; 4633 MB             ; 00:00:01                           ;
; EDA Netlist Writer        ; 00:00:01     ; 1.0                     ; 4626 MB             ; 00:00:01                           ;
; EDA Netlist Writer        ; 00:00:01     ; 1.0                     ; 4635 MB             ; 00:00:01                           ;
; EDA Netlist Writer        ; 00:00:01     ; 1.0                     ; 4626 MB             ; 00:00:01                           ;
; EDA Netlist Writer        ; 00:00:01     ; 1.0                     ; 4626 MB             ; 00:00:01                           ;
; EDA Netlist Writer        ; 00:00:01     ; 1.0                     ; 4635 MB             ; 00:00:01                           ;
; EDA Netlist Writer        ; 00:00:00     ; 1.0                     ; 4626 MB             ; 00:00:01                           ;
; EDA Netlist Writer        ; 00:00:01     ; 1.0                     ; 4635 MB             ; 00:00:01                           ;
; EDA Netlist Writer        ; 00:00:01     ; 1.0                     ; 4626 MB             ; 00:00:01                           ;
; EDA Netlist Writer        ; 00:00:01     ; 1.0                     ; 4635 MB             ; 00:00:01                           ;
; EDA Netlist Writer        ; 00:00:01     ; 1.0                     ; 4626 MB             ; 00:00:01                           ;
; EDA Netlist Writer        ; 00:00:01     ; 1.0                     ; 4650 MB             ; 00:00:01                           ;
; EDA Netlist Writer        ; 00:00:01     ; 1.0                     ; 4626 MB             ; 00:00:01                           ;
; EDA Netlist Writer        ; 00:00:00     ; 1.0                     ; 4634 MB             ; 00:00:01                           ;
; EDA Netlist Writer        ; 00:00:01     ; 1.0                     ; 4626 MB             ; 00:00:01                           ;
; EDA Netlist Writer        ; 00:00:01     ; 1.0                     ; 4635 MB             ; 00:00:01                           ;
; EDA Netlist Writer        ; 00:00:00     ; 1.0                     ; 4626 MB             ; 00:00:01                           ;
; EDA Netlist Writer        ; 00:00:01     ; 1.0                     ; 4648 MB             ; 00:00:01                           ;
; EDA Netlist Writer        ; 00:00:01     ; 1.0                     ; 4623 MB             ; 00:00:01                           ;
; EDA Netlist Writer        ; 00:00:01     ; 1.0                     ; 4635 MB             ; 00:00:01                           ;
; EDA Netlist Writer        ; 00:00:01     ; 1.0                     ; 4626 MB             ; 00:00:01                           ;
; EDA Netlist Writer        ; 00:00:01     ; 1.0                     ; 4648 MB             ; 00:00:01                           ;
; EDA Netlist Writer        ; 00:00:00     ; 1.0                     ; 4626 MB             ; 00:00:01                           ;
; EDA Netlist Writer        ; 00:00:01     ; 1.0                     ; 4635 MB             ; 00:00:01                           ;
; Total                     ; 00:01:05     ; --                      ; --                  ; 00:01:25                           ;
+---------------------------+--------------+-------------------------+---------------------+------------------------------------+


+-----------------------------------------------------------------------------------------+
; Flow OS Summary                                                                         ;
+---------------------------+------------------+------------+------------+----------------+
; Module Name               ; Machine Hostname ; OS Name    ; OS Version ; Processor type ;
+---------------------------+------------------+------------+------------+----------------+
; Analysis & Synthesis      ; LAPTOP-IQOQ5O8E  ; Windows 10 ; 10.0       ; x86_64         ;
; Fitter                    ; LAPTOP-IQOQ5O8E  ; Windows 10 ; 10.0       ; x86_64         ;
; Assembler                 ; LAPTOP-IQOQ5O8E  ; Windows 10 ; 10.0       ; x86_64         ;
; TimeQuest Timing Analyzer ; LAPTOP-IQOQ5O8E  ; Windows 10 ; 10.0       ; x86_64         ;
; EDA Netlist Writer        ; LAPTOP-IQOQ5O8E  ; Windows 10 ; 10.0       ; x86_64         ;
; EDA Netlist Writer        ; LAPTOP-IQOQ5O8E  ; Windows 10 ; 10.0       ; x86_64         ;
; EDA Netlist Writer        ; LAPTOP-IQOQ5O8E  ; Windows 10 ; 10.0       ; x86_64         ;
; EDA Netlist Writer        ; LAPTOP-IQOQ5O8E  ; Windows 10 ; 10.0       ; x86_64         ;
; EDA Netlist Writer        ; LAPTOP-IQOQ5O8E  ; Windows 10 ; 10.0       ; x86_64         ;
; EDA Netlist Writer        ; LAPTOP-IQOQ5O8E  ; Windows 10 ; 10.0       ; x86_64         ;
; EDA Netlist Writer        ; LAPTOP-IQOQ5O8E  ; Windows 10 ; 10.0       ; x86_64         ;
; EDA Netlist Writer        ; LAPTOP-IQOQ5O8E  ; Windows 10 ; 10.0       ; x86_64         ;
; EDA Netlist Writer        ; LAPTOP-IQOQ5O8E  ; Windows 10 ; 10.0       ; x86_64         ;
; EDA Netlist Writer        ; LAPTOP-IQOQ5O8E  ; Windows 10 ; 10.0       ; x86_64         ;
; EDA Netlist Writer        ; LAPTOP-IQOQ5O8E  ; Windows 10 ; 10.0       ; x86_64         ;
; EDA Netlist Writer        ; LAPTOP-IQOQ5O8E  ; Windows 10 ; 10.0       ; x86_64         ;
; EDA Netlist Writer        ; LAPTOP-IQOQ5O8E  ; Windows 10 ; 10.0       ; x86_64         ;
; EDA Netlist Writer        ; LAPTOP-IQOQ5O8E  ; Windows 10 ; 10.0       ; x86_64         ;
; EDA Netlist Writer        ; LAPTOP-IQOQ5O8E  ; Windows 10 ; 10.0       ; x86_64         ;
; EDA Netlist Writer        ; LAPTOP-IQOQ5O8E  ; Windows 10 ; 10.0       ; x86_64         ;
; EDA Netlist Writer        ; LAPTOP-IQOQ5O8E  ; Windows 10 ; 10.0       ; x86_64         ;
; EDA Netlist Writer        ; LAPTOP-IQOQ5O8E  ; Windows 10 ; 10.0       ; x86_64         ;
; EDA Netlist Writer        ; LAPTOP-IQOQ5O8E  ; Windows 10 ; 10.0       ; x86_64         ;
; EDA Netlist Writer        ; LAPTOP-IQOQ5O8E  ; Windows 10 ; 10.0       ; x86_64         ;
; EDA Netlist Writer        ; LAPTOP-IQOQ5O8E  ; Windows 10 ; 10.0       ; x86_64         ;
; EDA Netlist Writer        ; LAPTOP-IQOQ5O8E  ; Windows 10 ; 10.0       ; x86_64         ;
; EDA Netlist Writer        ; LAPTOP-IQOQ5O8E  ; Windows 10 ; 10.0       ; x86_64         ;
; EDA Netlist Writer        ; LAPTOP-IQOQ5O8E  ; Windows 10 ; 10.0       ; x86_64         ;
+---------------------------+------------------+------------+------------+----------------+


------------
; Flow Log ;
------------
quartus_map --read_settings_files=on --write_settings_files=off move_computer1119 -c move_computer1119
quartus_fit --read_settings_files=off --write_settings_files=off move_computer1119 -c move_computer1119
quartus_asm --read_settings_files=off --write_settings_files=off move_computer1119 -c move_computer1119
quartus_sta move_computer1119 -c move_computer1119
quartus_eda --read_settings_files=off --write_settings_files=off move_computer1119 -c move_computer1119
quartus_eda --gen_testbench --tool=modelsim_oem --format=vhdl --write_settings_files=off move_computer1119 -c move_computer1119 --vector_source=D:/HardWare/CH7/move_computer/Waveform.vwf --testbench_file=D:/HardWare/CH7/move_computer/simulation/qsim/Waveform.vwf.vht
quartus_eda --write_settings_files=off --simulation=on --functional=on --flatten_buses=off --tool=modelsim_oem --format=vhdl --output_directory=D:/HardWare/CH7/move_computer/simulation/qsim/ move_computer1119 -c move_computer1119
quartus_eda --gen_testbench --tool=modelsim_oem --format=vhdl --write_settings_files=off move_computer1119 -c move_computer1119 --vector_source="D:/HardWare/CH7/move_computer/Waveformmove_computer1119 - ??กงก่?กงก่?.vwf" --testbench_file="D:/HardWare/CH7/move_computer/simulation/qsim/Waveformmove_computer1119 - ??กงก่?กงก่?.vwf.vht"
quartus_eda --gen_testbench --tool=modelsim_oem --format=vhdl --write_settings_files=off move_computer1119 -c move_computer1119 --vector_source=D:/HardWare/CH7/move_computer/Waveformmove_computer1119.vwf --testbench_file=D:/HardWare/CH7/move_computer/simulation/qsim/Waveformmove_computer1119.vwf.vht
quartus_eda --write_settings_files=off --simulation=on --functional=on --flatten_buses=off --tool=modelsim_oem --format=vhdl --output_directory=D:/HardWare/CH7/move_computer/simulation/qsim/ move_computer1119 -c move_computer1119
quartus_eda --gen_testbench --tool=modelsim_oem --format=vhdl --write_settings_files=off move_computer1119 -c move_computer1119 --vector_source=D:/HardWare/CH7/move_computer/Waveformmove_computer1119_.vwf --testbench_file=D:/HardWare/CH7/move_computer/simulation/qsim/Waveformmove_computer1119_.vwf.vht
quartus_eda --write_settings_files=off --simulation=on --functional=on --flatten_buses=off --tool=modelsim_oem --format=vhdl --output_directory=D:/HardWare/CH7/move_computer/simulation/qsim/ move_computer1119 -c move_computer1119
quartus_eda --gen_testbench --tool=modelsim_oem --format=vhdl --write_settings_files=off move_computer1119 -c move_computer1119 --vector_source=D:/HardWare/CH7/move_computer/Waveformmove_computer1119.vwf --testbench_file=D:/HardWare/CH7/move_computer/simulation/qsim/Waveformmove_computer1119.vwf.vht
quartus_eda --write_settings_files=off --simulation=on --functional=on --flatten_buses=off --tool=modelsim_oem --format=vhdl --output_directory=D:/HardWare/CH7/move_computer/simulation/qsim/ move_computer1119 -c move_computer1119
quartus_eda --gen_testbench --tool=modelsim_oem --format=vhdl --write_settings_files=off move_computer1119 -c move_computer1119 --vector_source=D:/HardWare/CH7/move_computer/Waveform.vwf --testbench_file=D:/HardWare/CH7/move_computer/simulation/qsim/Waveform.vwf.vht
quartus_eda --write_settings_files=off --simulation=on --functional=off --flatten_buses=off --timescale=1ps --tool=modelsim_oem --format=vhdl --output_directory=D:/HardWare/CH7/move_computer/simulation/qsim/ move_computer1119 -c move_computer1119
quartus_eda --gen_testbench --tool=modelsim_oem --format=vhdl --write_settings_files=off move_computer1119 -c move_computer1119 --vector_source=D:/HardWare/CH7/move_computer/Waveform1.vwf --testbench_file=D:/HardWare/CH7/move_computer/simulation/qsim/Waveform1.vwf.vht
quartus_eda --write_settings_files=off --simulation=on --functional=on --flatten_buses=off --tool=modelsim_oem --format=vhdl --output_directory=D:/HardWare/CH7/move_computer/simulation/qsim/ move_computer1119 -c move_computer1119
quartus_eda --gen_testbench --tool=modelsim_oem --format=vhdl --write_settings_files=off move_computer1119 -c move_computer1119 --vector_source=D:/HardWare/CH7/move_computer/Waveform.vwf --testbench_file=D:/HardWare/CH7/move_computer/simulation/qsim/Waveform.vwf.vht
quartus_eda --write_settings_files=off --simulation=on --functional=on --flatten_buses=off --tool=modelsim_oem --format=vhdl --output_directory=D:/HardWare/CH7/move_computer/simulation/qsim/ move_computer1119 -c move_computer1119
quartus_eda --gen_testbench --tool=modelsim_oem --format=vhdl --write_settings_files=off move_computer1119 -c move_computer1119 --vector_source=D:/HardWare/CH7/move_computer/Waveform.vwf --testbench_file=D:/HardWare/CH7/move_computer/simulation/qsim/Waveform.vwf.vht
quartus_eda --write_settings_files=off --simulation=on --functional=off --flatten_buses=off --timescale=1ps --tool=modelsim_oem --format=vhdl --output_directory=D:/HardWare/CH7/move_computer/simulation/qsim/ move_computer1119 -c move_computer1119
quartus_eda --gen_testbench --tool=modelsim_oem --format=vhdl --write_settings_files=off move_computer1119 -c move_computer1119 --vector_source=D:/HardWare/CH7/move_computer/Waveformmove_computer1119.vwf --testbench_file=D:/HardWare/CH7/move_computer/simulation/qsim/Waveformmove_computer1119.vwf.vht
quartus_eda --write_settings_files=off --simulation=on --functional=on --flatten_buses=off --tool=modelsim_oem --format=vhdl --output_directory=D:/HardWare/CH7/move_computer/simulation/qsim/ move_computer1119 -c move_computer1119
quartus_eda --gen_testbench --tool=modelsim_oem --format=verilog --write_settings_files=off move_computer1119 -c move_computer1119 --vector_source=D:/HardWare/CH7/move_computer/Waveformmove_computer1119.vwf --testbench_file=D:/HardWare/CH7/move_computer/simulation/qsim/Waveformmove_computer1119.vwf.vt
quartus_eda --write_settings_files=off --simulation=on --functional=off --flatten_buses=off --timescale=1ps --tool=modelsim_oem --format=verilog --output_directory=D:/HardWare/CH7/move_computer/simulation/qsim/ move_computer1119 -c move_computer1119
quartus_eda --gen_testbench --tool=modelsim_oem --format=verilog --write_settings_files=off move_computer1119 -c move_computer1119 --vector_source=D:/HardWare/CH7/move_computer/Waveformmove_computer1119.vwf --testbench_file=D:/HardWare/CH7/move_computer/simulation/qsim/Waveformmove_computer1119.vwf.vt
quartus_eda --write_settings_files=off --simulation=on --functional=on --flatten_buses=off --tool=modelsim_oem --format=verilog --output_directory=D:/HardWare/CH7/move_computer/simulation/qsim/ move_computer1119 -c move_computer1119



