Flow report for computer1119
Sun Nov 06 22:07:08 2022
Quartus Prime Version 17.1.0 Build 590 10/25/2017 SJ Lite Edition


---------------------
; Table of Contents ;
---------------------
  1. Legal Notice
  2. Flow Summary
  3. Flow Settings
  4. Flow Non-Default Global Settings
  5. Flow Elapsed Time
  6. Flow OS Summary
  7. Flow Log
  8. Flow Messages
  9. Flow Suppressed Messages



----------------
; Legal Notice ;
----------------
Copyright (C) 2017  Intel Corporation. All rights reserved.
Your use of Intel Corporation's design tools, logic functions 
and other software and tools, and its AMPP partner logic 
functions, and any output files from any of the foregoing 
(including device programming or simulation files), and any 
associated documentation or information are expressly subject 
to the terms and conditions of the Intel Program License 
Subscription Agreement, the Intel Quartus Prime License Agreement,
the Intel FPGA IP License Agreement, or other applicable license
agreement, including, without limitation, that your use is for
the sole purpose of programming logic devices manufactured by
Intel and sold by Intel or its authorized distributors.  Please
refer to the applicable agreement for further details.



+-------------------------------------------------------------------------------------------+
; Flow Summary                                                                              ;
+------------------------------------+------------------------------------------------------+
; Flow Status                        ; EDA Netlist Writer Failed - Sun Nov 06 22:07:08 2022 ;
; Quartus Prime Version              ; 17.1.0 Build 590 10/25/2017 SJ Lite Edition          ;
; Revision Name                      ; computer1119                                         ;
; Top-level Entity Name              ; computer1119                                         ;
; Family                             ; Cyclone IV E                                         ;
; Device                             ; EP4CE55F23C8                                         ;
; Timing Models                      ; Final                                                ;
; Total logic elements               ; 219 / 55,856 ( < 1 % )                               ;
;     Total combinational functions  ; 179 / 55,856 ( < 1 % )                               ;
;     Dedicated logic registers      ; 83 / 55,856 ( < 1 % )                                ;
; Total registers                    ; 83                                                   ;
; Total pins                         ; 89 / 325 ( 27 % )                                    ;
; Total virtual pins                 ; 0                                                    ;
; Total memory bits                  ; 3,584 / 2,396,160 ( < 1 % )                          ;
; Embedded Multiplier 9-bit elements ; 0 / 308 ( 0 % )                                      ;
; Total PLLs                         ; 0 / 4 ( 0 % )                                        ;
+------------------------------------+------------------------------------------------------+


+-----------------------------------------+
; Flow Settings                           ;
+-------------------+---------------------+
; Option            ; Setting             ;
+-------------------+---------------------+
; Start date & time ; 11/06/2022 21:53:49 ;
; Main task         ; Compilation         ;
; Revision Name     ; computer1119        ;
+-------------------+---------------------+


+----------------------------------------------------------------------------------------------------------------------------------+
; Flow Non-Default Global Settings                                                                                                 ;
+-------------------------------------+---------------------------------------------+---------------+-------------+----------------+
; Assignment Name                     ; Value                                       ; Default Value ; Entity Name ; Section Id     ;
+-------------------------------------+---------------------------------------------+---------------+-------------+----------------+
; COMPILER_SIGNATURE_ID               ; 137245857337886.166774282913188             ; --            ; --          ; --             ;
; EDA_GENERATE_FUNCTIONAL_NETLIST     ; On                                          ; --            ; --          ; eda_simulation ;
; EDA_NETLIST_WRITER_OUTPUT_DIR       ; E:/homework/forth/computer/simulation/qsim/ ; --            ; --          ; eda_simulation ;
; EDA_OUTPUT_DATA_FORMAT              ; Verilog Hdl                                 ; --            ; --          ; eda_simulation ;
; EDA_SIMULATION_TOOL                 ; ModelSim-Altera (Verilog)                   ; <None>        ; --          ; --             ;
; EDA_TIME_SCALE                      ; 1 ps                                        ; --            ; --          ; eda_simulation ;
; MAX_CORE_JUNCTION_TEMP              ; 85                                          ; --            ; --          ; --             ;
; MIN_CORE_JUNCTION_TEMP              ; 0                                           ; --            ; --          ; --             ;
; MISC_FILE                           ; lpm_mux0.bsf                                ; --            ; --          ; --             ;
; MISC_FILE                           ; lpm_mux0.cmp                                ; --            ; --          ; --             ;
; NOMINAL_CORE_SUPPLY_VOLTAGE         ; 1.2V                                        ; --            ; --          ; --             ;
; PARTITION_COLOR                     ; -- (Not supported for targeted family)      ; --            ; --          ; Top            ;
; PARTITION_FITTER_PRESERVATION_LEVEL ; -- (Not supported for targeted family)      ; --            ; --          ; Top            ;
; PARTITION_NETLIST_TYPE              ; -- (Not supported for targeted family)      ; --            ; --          ; Top            ;
; PROJECT_OUTPUT_DIRECTORY            ; output_files                                ; --            ; --          ; --             ;
+-------------------------------------+---------------------------------------------+---------------+-------------+----------------+


+-------------------------------------------------------------------------------------------------------------------------------+
; Flow Elapsed Time                                                                                                             ;
+---------------------------+--------------+-------------------------+---------------------+------------------------------------+
; Module Name               ; Elapsed Time ; Average Processors Used ; Peak Virtual Memory ; Total CPU Time (on all processors) ;
+---------------------------+--------------+-------------------------+---------------------+------------------------------------+
; Analysis & Synthesis      ; 00:00:17     ; 1.0                     ; 4814 MB             ; 00:00:35                           ;
; Fitter                    ; 00:00:18     ; 1.0                     ; 5593 MB             ; 00:00:24                           ;
; Assembler                 ; 00:00:02     ; 1.0                     ; 4677 MB             ; 00:00:02                           ;
; TimeQuest Timing Analyzer ; 00:00:03     ; 1.1                     ; 4793 MB             ; 00:00:03                           ;
; EDA Netlist Writer        ; 00:00:00     ; 1.0                     ; 4630 MB             ; 00:00:01                           ;
; EDA Netlist Writer        ; 00:00:01     ; 1.0                     ; 4625 MB             ; 00:00:01                           ;
; EDA Netlist Writer        ; 00:00:01     ; 1.0                     ; 4633 MB             ; 00:00:01                           ;
; EDA Netlist Writer        ; 00:00:01     ; 1.0                     ; 4625 MB             ; 00:00:01                           ;
; EDA Netlist Writer        ; 00:00:01     ; 1.0                     ; 4633 MB             ; 00:00:01                           ;
; EDA Netlist Writer        ; 00:00:00     ; 1.0                     ; 4625 MB             ; 00:00:01                           ;
; EDA Netlist Writer        ; 00:00:00     ; 1.0                     ; 4633 MB             ; 00:00:01                           ;
; EDA Netlist Writer        ; 00:00:00     ; 1.0                     ; 4625 MB             ; 00:00:01                           ;
; Total                     ; 00:00:44     ; --                      ; --                  ; 00:01:12                           ;
+---------------------------+--------------+-------------------------+---------------------+------------------------------------+


+-----------------------------------------------------------------------------------------+
; Flow OS Summary                                                                         ;
+---------------------------+------------------+------------+------------+----------------+
; Module Name               ; Machine Hostname ; OS Name    ; OS Version ; Processor type ;
+---------------------------+------------------+------------+------------+----------------+
; Analysis & Synthesis      ; LAPTOP-ECV4400T  ; Windows 10 ; 10.0       ; x86_64         ;
; Fitter                    ; LAPTOP-ECV4400T  ; Windows 10 ; 10.0       ; x86_64         ;
; Assembler                 ; LAPTOP-ECV4400T  ; Windows 10 ; 10.0       ; x86_64         ;
; TimeQuest Timing Analyzer ; LAPTOP-ECV4400T  ; Windows 10 ; 10.0       ; x86_64         ;
; EDA Netlist Writer        ; LAPTOP-ECV4400T  ; Windows 10 ; 10.0       ; x86_64         ;
; EDA Netlist Writer        ; LAPTOP-ECV4400T  ; Windows 10 ; 10.0       ; x86_64         ;
; EDA Netlist Writer        ; LAPTOP-ECV4400T  ; Windows 10 ; 10.0       ; x86_64         ;
; EDA Netlist Writer        ; LAPTOP-ECV4400T  ; Windows 10 ; 10.0       ; x86_64         ;
; EDA Netlist Writer        ; LAPTOP-ECV4400T  ; Windows 10 ; 10.0       ; x86_64         ;
; EDA Netlist Writer        ; LAPTOP-ECV4400T  ; Windows 10 ; 10.0       ; x86_64         ;
; EDA Netlist Writer        ; LAPTOP-ECV4400T  ; Windows 10 ; 10.0       ; x86_64         ;
; EDA Netlist Writer        ; LAPTOP-ECV4400T  ; Windows 10 ; 10.0       ; x86_64         ;
+---------------------------+------------------+------------+------------+----------------+


------------
; Flow Log ;
------------
quartus_map --read_settings_files=on --write_settings_files=off computer1119 -c computer1119
quartus_fit --read_settings_files=off --write_settings_files=off computer1119 -c computer1119
quartus_asm --read_settings_files=off --write_settings_files=off computer1119 -c computer1119
quartus_sta computer1119 -c computer1119
quartus_eda --read_settings_files=off --write_settings_files=off computer1119 -c computer1119
quartus_eda --gen_testbench --tool=modelsim_oem --format=vhdl --write_settings_files=off computer1119 -c computer1119 --vector_source=E:/intelFPGA_lite/17.1/computer/Waveformcomputer1119.vwf --testbench_file=E:/intelFPGA_lite/17.1/computer/simulation/qsim/Waveformcomputer1119.vwf.vht
quartus_eda --write_settings_files=off --simulation=on --functional=on --flatten_buses=off --tool=modelsim_oem --format=vhdl --output_directory=E:/intelFPGA_lite/17.1/computer/simulation/qsim/ computer1119 -c computer1119
quartus_eda --gen_testbench --tool=modelsim_oem --format=vhdl --write_settings_files=off computer1119 -c computer1119 --vector_source=E:/intelFPGA_lite/17.1/computer/Waveformcomputer1119.vwf --testbench_file=E:/intelFPGA_lite/17.1/computer/simulation/qsim/Waveformcomputer1119.vwf.vht
quartus_eda --write_settings_files=off --simulation=on --functional=on --flatten_buses=off --tool=modelsim_oem --format=vhdl --output_directory=E:/intelFPGA_lite/17.1/computer/simulation/qsim/ computer1119 -c computer1119
quartus_eda --gen_testbench --tool=modelsim_oem --format=vhdl --write_settings_files=off computer1119 -c computer1119 --vector_source=E:/intelFPGA_lite/17.1/computer/Waveformcomputer1119.vwf --testbench_file=E:/intelFPGA_lite/17.1/computer/simulation/qsim/Waveformcomputer1119.vwf.vht
quartus_eda --write_settings_files=off --simulation=on --functional=on --flatten_buses=off --tool=modelsim_oem --format=vhdl --output_directory=E:/intelFPGA_lite/17.1/computer/simulation/qsim/ computer1119 -c computer1119
quartus_eda --gen_testbench --tool=modelsim_oem --format=vhdl --write_settings_files=off computer1119 -c computer1119 --vector_source=E:/intelFPGA_lite/17.1/computer/Waveform.vwf --testbench_file=E:/intelFPGA_lite/17.1/computer/simulation/qsim/Waveform.vwf.vht



