Analysis & Synthesis report for PC_AR_RAM
Tue Nov 01 11:21:47 2022
Quartus Prime Version 17.1.0 Build 590 10/25/2017 SJ Lite Edition


---------------------
; Table of Contents ;
---------------------
  1. Legal Notice
  2. Analysis & Synthesis Summary
  3. Analysis & Synthesis Settings
  4. Parallel Compilation
  5. Analysis & Synthesis Source Files Read
  6. Analysis & Synthesis Resource Usage Summary
  7. Analysis & Synthesis Resource Utilization by Entity
  8. Analysis & Synthesis RAM Summary
  9. Analysis & Synthesis IP Cores Summary
 10. Logic Cells Representing Combinational Loops
 11. General Register Statistics
 12. Source assignments for LPM_RAM_DQ:inst1|altram:sram|altsyncram:ram_block|altsyncram_l4a1:auto_generated
 13. Parameter Settings for User Entity Instance: LPM_RAM_DQ:inst1
 14. Parameter Settings for User Entity Instance: PC_AR:inst|BUSMUX:inst3
 15. Parameter Settings for User Entity Instance: PC_AR:inst|counter0:inst4|lpm_counter:LPM_COUNTER_component
 16. Post-Synthesis Netlist Statistics for Top Partition
 17. Elapsed Time Per Partition
 18. Analysis & Synthesis Messages



----------------
; Legal Notice ;
----------------
Copyright (C) 2017  Intel Corporation. All rights reserved.
Your use of Intel Corporation's design tools, logic functions 
and other software and tools, and its AMPP partner logic 
functions, and any output files from any of the foregoing 
(including device programming or simulation files), and any 
associated documentation or information are expressly subject 
to the terms and conditions of the Intel Program License 
Subscription Agreement, the Intel Quartus Prime License Agreement,
the Intel FPGA IP License Agreement, or other applicable license
agreement, including, without limitation, that your use is for
the sole purpose of programming logic devices manufactured by
Intel and sold by Intel or its authorized distributors.  Please
refer to the applicable agreement for further details.



+----------------------------------------------------------------------------------+
; Analysis & Synthesis Summary                                                     ;
+------------------------------------+---------------------------------------------+
; Analysis & Synthesis Status        ; Successful - Tue Nov 01 11:21:47 2022       ;
; Quartus Prime Version              ; 17.1.0 Build 590 10/25/2017 SJ Lite Edition ;
; Revision Name                      ; PC_AR_RAM                                   ;
; Top-level Entity Name              ; PC_AR_RAM                                   ;
; Family                             ; Cyclone IV E                                ;
; Total logic elements               ; 50                                          ;
;     Total combinational functions  ; 50                                          ;
;     Dedicated logic registers      ; 16                                          ;
; Total registers                    ; 16                                          ;
; Total pins                         ; 31                                          ;
; Total virtual pins                 ; 0                                           ;
; Total memory bits                  ; 2,048                                       ;
; Embedded Multiplier 9-bit elements ; 0                                           ;
; Total PLLs                         ; 0                                           ;
+------------------------------------+---------------------------------------------+


+----------------------------------------------------------------------------------------------------------------------+
; Analysis & Synthesis Settings                                                                                        ;
+----------------------------------------------------------------------------+--------------------+--------------------+
; Option                                                                     ; Setting            ; Default Value      ;
+----------------------------------------------------------------------------+--------------------+--------------------+
; Top-level entity name                                                      ; PC_AR_RAM          ; PC_AR_RAM          ;
; Family name                                                                ; Cyclone IV E       ; Cyclone V          ;
; Use smart compilation                                                      ; Off                ; Off                ;
; Enable parallel Assembler and TimeQuest Timing Analyzer during compilation ; On                 ; On                 ;
; Enable compact report table                                                ; Off                ; Off                ;
; Restructure Multiplexers                                                   ; Auto               ; Auto               ;
; Create Debugging Nodes for IP Cores                                        ; Off                ; Off                ;
; Preserve fewer node names                                                  ; On                 ; On                 ;
; Intel FPGA IP Evaluation Mode                                              ; Enable             ; Enable             ;
; Verilog Version                                                            ; Verilog_2001       ; Verilog_2001       ;
; VHDL Version                                                               ; VHDL_1993          ; VHDL_1993          ;
; State Machine Processing                                                   ; Auto               ; Auto               ;
; Safe State Machine                                                         ; Off                ; Off                ;
; Extract Verilog State Machines                                             ; On                 ; On                 ;
; Extract VHDL State Machines                                                ; On                 ; On                 ;
; Ignore Verilog initial constructs                                          ; Off                ; Off                ;
; Iteration limit for constant Verilog loops                                 ; 5000               ; 5000               ;
; Iteration limit for non-constant Verilog loops                             ; 250                ; 250                ;
; Add Pass-Through Logic to Inferred RAMs                                    ; On                 ; On                 ;
; Infer RAMs from Raw Logic                                                  ; On                 ; On                 ;
; Parallel Synthesis                                                         ; On                 ; On                 ;
; DSP Block Balancing                                                        ; Auto               ; Auto               ;
; NOT Gate Push-Back                                                         ; On                 ; On                 ;
; Power-Up Don't Care                                                        ; On                 ; On                 ;
; Remove Redundant Logic Cells                                               ; Off                ; Off                ;
; Remove Duplicate Registers                                                 ; On                 ; On                 ;
; Ignore CARRY Buffers                                                       ; Off                ; Off                ;
; Ignore CASCADE Buffers                                                     ; Off                ; Off                ;
; Ignore GLOBAL Buffers                                                      ; Off                ; Off                ;
; Ignore ROW GLOBAL Buffers                                                  ; Off                ; Off                ;
; Ignore LCELL Buffers                                                       ; Off                ; Off                ;
; Ignore SOFT Buffers                                                        ; On                 ; On                 ;
; Limit AHDL Integers to 32 Bits                                             ; Off                ; Off                ;
; Optimization Technique                                                     ; Balanced           ; Balanced           ;
; Carry Chain Length                                                         ; 70                 ; 70                 ;
; Auto Carry Chains                                                          ; On                 ; On                 ;
; Auto Open-Drain Pins                                                       ; On                 ; On                 ;
; Perform WYSIWYG Primitive Resynthesis                                      ; Off                ; Off                ;
; Auto ROM Replacement                                                       ; On                 ; On                 ;
; Auto RAM Replacement                                                       ; On                 ; On                 ;
; Auto DSP Block Replacement                                                 ; On                 ; On                 ;
; Auto Shift Register Replacement                                            ; Auto               ; Auto               ;
; Allow Shift Register Merging across Hierarchies                            ; Auto               ; Auto               ;
; Auto Clock Enable Replacement                                              ; On                 ; On                 ;
; Strict RAM Replacement                                                     ; Off                ; Off                ;
; Allow Synchronous Control Signals                                          ; On                 ; On                 ;
; Force Use of Synchronous Clear Signals                                     ; Off                ; Off                ;
; Auto RAM Block Balancing                                                   ; On                 ; On                 ;
; Auto RAM to Logic Cell Conversion                                          ; Off                ; Off                ;
; Auto Resource Sharing                                                      ; Off                ; Off                ;
; Allow Any RAM Size For Recognition                                         ; Off                ; Off                ;
; Allow Any ROM Size For Recognition                                         ; Off                ; Off                ;
; Allow Any Shift Register Size For Recognition                              ; Off                ; Off                ;
; Use LogicLock Constraints during Resource Balancing                        ; On                 ; On                 ;
; Ignore translate_off and synthesis_off directives                          ; Off                ; Off                ;
; Timing-Driven Synthesis                                                    ; On                 ; On                 ;
; Report Parameter Settings                                                  ; On                 ; On                 ;
; Report Source Assignments                                                  ; On                 ; On                 ;
; Report Connectivity Checks                                                 ; On                 ; On                 ;
; Ignore Maximum Fan-Out Assignments                                         ; Off                ; Off                ;
; Synchronization Register Chain Length                                      ; 2                  ; 2                  ;
; Power Optimization During Synthesis                                        ; Normal compilation ; Normal compilation ;
; HDL message level                                                          ; Level2             ; Level2             ;
; Suppress Register Optimization Related Messages                            ; Off                ; Off                ;
; Number of Removed Registers Reported in Synthesis Report                   ; 5000               ; 5000               ;
; Number of Swept Nodes Reported in Synthesis Report                         ; 5000               ; 5000               ;
; Number of Inverted Registers Reported in Synthesis Report                  ; 100                ; 100                ;
; Clock MUX Protection                                                       ; On                 ; On                 ;
; Auto Gated Clock Conversion                                                ; Off                ; Off                ;
; Block Design Naming                                                        ; Auto               ; Auto               ;
; SDC constraint protection                                                  ; Off                ; Off                ;
; Synthesis Effort                                                           ; Auto               ; Auto               ;
; Shift Register Replacement - Allow Asynchronous Clear Signal               ; On                 ; On                 ;
; Pre-Mapping Resynthesis Optimization                                       ; Off                ; Off                ;
; Analysis & Synthesis Message Level                                         ; Medium             ; Medium             ;
; Disable Register Merging Across Hierarchies                                ; Auto               ; Auto               ;
; Resource Aware Inference For Block RAM                                     ; On                 ; On                 ;
+----------------------------------------------------------------------------+--------------------+--------------------+


+------------------------------------------+
; Parallel Compilation                     ;
+----------------------------+-------------+
; Processors                 ; Number      ;
+----------------------------+-------------+
; Number detected on machine ; 16          ;
; Maximum allowed            ; 16          ;
;                            ;             ;
; Average used               ; 1.00        ;
; Maximum used               ; 16          ;
;                            ;             ;
; Usage by Processor         ; % Time Used ;
;     Processor 1            ; 100.0%      ;
;     Processor 2            ;   0.0%      ;
;     Processors 3-16        ;   0.0%      ;
+----------------------------+-------------+


+-----------------------------------------------------------------------------------------------------------------------------------------------------------------------------------------+
; Analysis & Synthesis Source Files Read                                                                                                                                                  ;
+----------------------------------+-----------------+------------------------------------------+-------------------------------------------------------------------------------+---------+
; File Name with User-Entered Path ; Used in Netlist ; File Type                                ; File Name with Absolute Path                                                  ; Library ;
+----------------------------------+-----------------+------------------------------------------+-------------------------------------------------------------------------------+---------+
; PC_AR_RAM.bdf                    ; yes             ; User Block Diagram/Schematic File        ; D:/HardWare/CH5/PC_AR_RAM/PC_AR_RAM.bdf                                       ;         ;
; counter0.v                       ; yes             ; User Wizard-Generated File               ; D:/HardWare/CH5/PC_AR_RAM/counter0.v                                          ;         ;
; PC_AR_RAM.hex                    ; yes             ; User Hexadecimal (Intel-Format) File     ; D:/HardWare/CH5/PC_AR_RAM/PC_AR_RAM.hex                                       ;         ;
; lpm_ram_dq.tdf                   ; yes             ; Megafunction                             ; f:/enviroment/quartus/quartus/libraries/megafunctions/lpm_ram_dq.tdf          ;         ;
; altram.inc                       ; yes             ; Megafunction                             ; f:/enviroment/quartus/quartus/libraries/megafunctions/altram.inc              ;         ;
; lpm_mux.inc                      ; yes             ; Megafunction                             ; f:/enviroment/quartus/quartus/libraries/megafunctions/lpm_mux.inc             ;         ;
; lpm_decode.inc                   ; yes             ; Megafunction                             ; f:/enviroment/quartus/quartus/libraries/megafunctions/lpm_decode.inc          ;         ;
; aglobal171.inc                   ; yes             ; Megafunction                             ; f:/enviroment/quartus/quartus/libraries/megafunctions/aglobal171.inc          ;         ;
; altram.tdf                       ; yes             ; Megafunction                             ; f:/enviroment/quartus/quartus/libraries/megafunctions/altram.tdf              ;         ;
; memmodes.inc                     ; yes             ; Megafunction                             ; f:/enviroment/quartus/quartus/libraries/others/maxplus2/memmodes.inc          ;         ;
; altsyncram.inc                   ; yes             ; Megafunction                             ; f:/enviroment/quartus/quartus/libraries/megafunctions/altsyncram.inc          ;         ;
; altsyncram.tdf                   ; yes             ; Megafunction                             ; f:/enviroment/quartus/quartus/libraries/megafunctions/altsyncram.tdf          ;         ;
; stratix_ram_block.inc            ; yes             ; Megafunction                             ; f:/enviroment/quartus/quartus/libraries/megafunctions/stratix_ram_block.inc   ;         ;
; a_rdenreg.inc                    ; yes             ; Megafunction                             ; f:/enviroment/quartus/quartus/libraries/megafunctions/a_rdenreg.inc           ;         ;
; altrom.inc                       ; yes             ; Megafunction                             ; f:/enviroment/quartus/quartus/libraries/megafunctions/altrom.inc              ;         ;
; altdpram.inc                     ; yes             ; Megafunction                             ; f:/enviroment/quartus/quartus/libraries/megafunctions/altdpram.inc            ;         ;
; db/altsyncram_l4a1.tdf           ; yes             ; Auto-Generated Megafunction              ; D:/HardWare/CH5/PC_AR_RAM/db/altsyncram_l4a1.tdf                              ;         ;
; pc_ar.bdf                        ; yes             ; Auto-Found Block Diagram/Schematic File  ; D:/HardWare/CH5/PC_AR_RAM/pc_ar.bdf                                           ;         ;
; 273.bdf                          ; yes             ; Auto-Found Block Diagram/Schematic File  ; D:/HardWare/CH5/PC_AR_RAM/273.bdf                                             ;         ;
; busmux.tdf                       ; yes             ; Megafunction                             ; f:/enviroment/quartus/quartus/libraries/megafunctions/busmux.tdf              ;         ;
; lpm_mux.tdf                      ; yes             ; Megafunction                             ; f:/enviroment/quartus/quartus/libraries/megafunctions/lpm_mux.tdf             ;         ;
; muxlut.inc                       ; yes             ; Megafunction                             ; f:/enviroment/quartus/quartus/libraries/megafunctions/muxlut.inc              ;         ;
; bypassff.inc                     ; yes             ; Megafunction                             ; f:/enviroment/quartus/quartus/libraries/megafunctions/bypassff.inc            ;         ;
; altshift.inc                     ; yes             ; Megafunction                             ; f:/enviroment/quartus/quartus/libraries/megafunctions/altshift.inc            ;         ;
; db/mux_erc.tdf                   ; yes             ; Auto-Generated Megafunction              ; D:/HardWare/CH5/PC_AR_RAM/db/mux_erc.tdf                                      ;         ;
; lpm_counter.tdf                  ; yes             ; Megafunction                             ; f:/enviroment/quartus/quartus/libraries/megafunctions/lpm_counter.tdf         ;         ;
; lpm_constant.inc                 ; yes             ; Megafunction                             ; f:/enviroment/quartus/quartus/libraries/megafunctions/lpm_constant.inc        ;         ;
; lpm_add_sub.inc                  ; yes             ; Megafunction                             ; f:/enviroment/quartus/quartus/libraries/megafunctions/lpm_add_sub.inc         ;         ;
; cmpconst.inc                     ; yes             ; Megafunction                             ; f:/enviroment/quartus/quartus/libraries/megafunctions/cmpconst.inc            ;         ;
; lpm_compare.inc                  ; yes             ; Megafunction                             ; f:/enviroment/quartus/quartus/libraries/megafunctions/lpm_compare.inc         ;         ;
; lpm_counter.inc                  ; yes             ; Megafunction                             ; f:/enviroment/quartus/quartus/libraries/megafunctions/lpm_counter.inc         ;         ;
; dffeea.inc                       ; yes             ; Megafunction                             ; f:/enviroment/quartus/quartus/libraries/megafunctions/dffeea.inc              ;         ;
; alt_counter_stratix.inc          ; yes             ; Megafunction                             ; f:/enviroment/quartus/quartus/libraries/megafunctions/alt_counter_stratix.inc ;         ;
; db/cntr_b6j.tdf                  ; yes             ; Auto-Generated Megafunction              ; D:/HardWare/CH5/PC_AR_RAM/db/cntr_b6j.tdf                                     ;         ;
+----------------------------------+-----------------+------------------------------------------+-------------------------------------------------------------------------------+---------+


+----------------------------------------------------------+
; Analysis & Synthesis Resource Usage Summary              ;
+---------------------------------------------+------------+
; Resource                                    ; Usage      ;
+---------------------------------------------+------------+
; Estimated Total logic elements              ; 50         ;
;                                             ;            ;
; Total combinational functions               ; 50         ;
; Logic element usage by number of LUT inputs ;            ;
;     -- 4 input functions                    ; 24         ;
;     -- 3 input functions                    ; 1          ;
;     -- <=2 input functions                  ; 25         ;
;                                             ;            ;
; Logic elements by mode                      ;            ;
;     -- normal mode                          ; 43         ;
;     -- arithmetic mode                      ; 7          ;
;                                             ;            ;
; Total registers                             ; 16         ;
;     -- Dedicated logic registers            ; 16         ;
;     -- I/O registers                        ; 0          ;
;                                             ;            ;
; I/O pins                                    ; 31         ;
; Total memory bits                           ; 2048       ;
;                                             ;            ;
; Embedded Multiplier 9-bit elements          ; 0          ;
;                                             ;            ;
; Maximum fan-out node                        ; load~input ;
; Maximum fan-out                             ; 18         ;
; Total fan-out                               ; 315        ;
; Average fan-out                             ; 2.32       ;
+---------------------------------------------+------------+


+-----------------------------------------------------------------------------------------------------------------------------------------------------------------------------------------------------------------------------------------------------------------------------------------------------------+
; Analysis & Synthesis Resource Utilization by Entity                                                                                                                                                                                                                                                       ;
+----------------------------------------------+---------------------+---------------------------+-------------+--------------+---------+-----------+------+--------------+------------------------------------------------------------------------------------------------+-----------------+--------------+
; Compilation Hierarchy Node                   ; Combinational ALUTs ; Dedicated Logic Registers ; Memory Bits ; DSP Elements ; DSP 9x9 ; DSP 18x18 ; Pins ; Virtual Pins ; Full Hierarchy Name                                                                            ; Entity Name     ; Library Name ;
+----------------------------------------------+---------------------+---------------------------+-------------+--------------+---------+-----------+------+--------------+------------------------------------------------------------------------------------------------+-----------------+--------------+
; |PC_AR_RAM                                   ; 50 (0)              ; 16 (0)                    ; 2048        ; 0            ; 0       ; 0         ; 31   ; 0            ; |PC_AR_RAM                                                                                     ; PC_AR_RAM       ; work         ;
;    |PC_AR:inst|                              ; 50 (0)              ; 16 (0)                    ; 0           ; 0            ; 0       ; 0         ; 0    ; 0            ; |PC_AR_RAM|PC_AR:inst                                                                          ; PC_AR           ; work         ;
;       |273:inst|                             ; 0 (0)               ; 8 (8)                     ; 0           ; 0            ; 0       ; 0         ; 0    ; 0            ; |PC_AR_RAM|PC_AR:inst|273:inst                                                                 ; 273             ; work         ;
;       |busmux:inst3|                         ; 17 (0)              ; 0 (0)                     ; 0           ; 0            ; 0       ; 0         ; 0    ; 0            ; |PC_AR_RAM|PC_AR:inst|busmux:inst3                                                             ; busmux          ; work         ;
;          |lpm_mux:$00000|                    ; 17 (0)              ; 0 (0)                     ; 0           ; 0            ; 0       ; 0         ; 0    ; 0            ; |PC_AR_RAM|PC_AR:inst|busmux:inst3|lpm_mux:$00000                                              ; lpm_mux         ; work         ;
;             |mux_erc:auto_generated|         ; 17 (17)             ; 0 (0)                     ; 0           ; 0            ; 0       ; 0         ; 0    ; 0            ; |PC_AR_RAM|PC_AR:inst|busmux:inst3|lpm_mux:$00000|mux_erc:auto_generated                       ; mux_erc         ; work         ;
;       |counter0:inst4|                       ; 33 (0)              ; 8 (0)                     ; 0           ; 0            ; 0       ; 0         ; 0    ; 0            ; |PC_AR_RAM|PC_AR:inst|counter0:inst4                                                           ; counter0        ; work         ;
;          |lpm_counter:LPM_COUNTER_component| ; 33 (0)              ; 8 (0)                     ; 0           ; 0            ; 0       ; 0         ; 0    ; 0            ; |PC_AR_RAM|PC_AR:inst|counter0:inst4|lpm_counter:LPM_COUNTER_component                         ; lpm_counter     ; work         ;
;             |cntr_b6j:auto_generated|        ; 33 (33)             ; 8 (8)                     ; 0           ; 0            ; 0       ; 0         ; 0    ; 0            ; |PC_AR_RAM|PC_AR:inst|counter0:inst4|lpm_counter:LPM_COUNTER_component|cntr_b6j:auto_generated ; cntr_b6j        ; work         ;
;    |lpm_ram_dq:inst1|                        ; 0 (0)               ; 0 (0)                     ; 2048        ; 0            ; 0       ; 0         ; 0    ; 0            ; |PC_AR_RAM|lpm_ram_dq:inst1                                                                    ; lpm_ram_dq      ; work         ;
;       |altram:sram|                          ; 0 (0)               ; 0 (0)                     ; 2048        ; 0            ; 0       ; 0         ; 0    ; 0            ; |PC_AR_RAM|lpm_ram_dq:inst1|altram:sram                                                        ; altram          ; work         ;
;          |altsyncram:ram_block|              ; 0 (0)               ; 0 (0)                     ; 2048        ; 0            ; 0       ; 0         ; 0    ; 0            ; |PC_AR_RAM|lpm_ram_dq:inst1|altram:sram|altsyncram:ram_block                                   ; altsyncram      ; work         ;
;             |altsyncram_l4a1:auto_generated| ; 0 (0)               ; 0 (0)                     ; 2048        ; 0            ; 0       ; 0         ; 0    ; 0            ; |PC_AR_RAM|lpm_ram_dq:inst1|altram:sram|altsyncram:ram_block|altsyncram_l4a1:auto_generated    ; altsyncram_l4a1 ; work         ;
+----------------------------------------------+---------------------+---------------------------+-------------+--------------+---------+-----------+------+--------------+------------------------------------------------------------------------------------------------+-----------------+--------------+
Note: For table entries with two numbers listed, the numbers in parentheses indicate the number of resources of the given type used by the specific entity alone. The numbers listed outside of parentheses indicate the total resources of the given type used by the specific entity and all of its sub-entities in the hierarchy.


+-----------------------------------------------------------------------------------------------------------------------------------------------------------------------------------------------------+
; Analysis & Synthesis RAM Summary                                                                                                                                                                    ;
+---------------------------------------------------------------------------------------------+------+-------------+--------------+--------------+--------------+--------------+------+---------------+
; Name                                                                                        ; Type ; Mode        ; Port A Depth ; Port A Width ; Port B Depth ; Port B Width ; Size ; MIF           ;
+---------------------------------------------------------------------------------------------+------+-------------+--------------+--------------+--------------+--------------+------+---------------+
; lpm_ram_dq:inst1|altram:sram|altsyncram:ram_block|altsyncram_l4a1:auto_generated|ALTSYNCRAM ; AUTO ; Single Port ; 256          ; 8            ; --           ; --           ; 2048 ; PC_AR_RAM.hex ;
+---------------------------------------------------------------------------------------------+------+-------------+--------------+--------------+--------------+--------------+------+---------------+


+------------------------------------------------------------------------------------------------------------------------+
; Analysis & Synthesis IP Cores Summary                                                                                  ;
+--------+--------------+---------+--------------+--------------+--------------------------------------+-----------------+
; Vendor ; IP Core Name ; Version ; Release Date ; License Type ; Entity Instance                      ; IP Include File ;
+--------+--------------+---------+--------------+--------------+--------------------------------------+-----------------+
; Altera ; LPM_COUNTER  ; 17.1    ; N/A          ; N/A          ; |PC_AR_RAM|PC_AR:inst|counter0:inst4 ; counter0.v      ;
+--------+--------------+---------+--------------+--------------+--------------------------------------+-----------------+


+-----------------------------------------------------------------------------------------------------------+
; Logic Cells Representing Combinational Loops                                                              ;
+-------------------------------------------------------------------------------------------------------+---+
; Logic Cell Name                                                                                       ;   ;
+-------------------------------------------------------------------------------------------------------+---+
; PC_AR:inst|counter0:inst4|lpm_counter:LPM_COUNTER_component|cntr_b6j:auto_generated|latch_signal[0]~0 ;   ;
; PC_AR:inst|counter0:inst4|lpm_counter:LPM_COUNTER_component|cntr_b6j:auto_generated|latch_signal[1]~1 ;   ;
; PC_AR:inst|counter0:inst4|lpm_counter:LPM_COUNTER_component|cntr_b6j:auto_generated|latch_signal[2]~2 ;   ;
; PC_AR:inst|counter0:inst4|lpm_counter:LPM_COUNTER_component|cntr_b6j:auto_generated|latch_signal[3]~3 ;   ;
; PC_AR:inst|counter0:inst4|lpm_counter:LPM_COUNTER_component|cntr_b6j:auto_generated|latch_signal[4]~4 ;   ;
; PC_AR:inst|counter0:inst4|lpm_counter:LPM_COUNTER_component|cntr_b6j:auto_generated|latch_signal[5]~5 ;   ;
; PC_AR:inst|counter0:inst4|lpm_counter:LPM_COUNTER_component|cntr_b6j:auto_generated|latch_signal[6]~6 ;   ;
; PC_AR:inst|counter0:inst4|lpm_counter:LPM_COUNTER_component|cntr_b6j:auto_generated|latch_signal[7]~7 ;   ;
; Number of logic cells representing combinational loops                                                ; 8 ;
+-------------------------------------------------------------------------------------------------------+---+
Note: All cells listed above may not be present at the end of synthesis due to various synthesis optimizations.


+------------------------------------------------------+
; General Register Statistics                          ;
+----------------------------------------------+-------+
; Statistic                                    ; Value ;
+----------------------------------------------+-------+
; Total registers                              ; 16    ;
; Number of registers using Synchronous Clear  ; 0     ;
; Number of registers using Synchronous Load   ; 0     ;
; Number of registers using Asynchronous Clear ; 8     ;
; Number of registers using Asynchronous Load  ; 0     ;
; Number of registers using Clock Enable       ; 0     ;
; Number of registers using Preset             ; 0     ;
+----------------------------------------------+-------+


+---------------------------------------------------------------------------------------------------------+
; Source assignments for LPM_RAM_DQ:inst1|altram:sram|altsyncram:ram_block|altsyncram_l4a1:auto_generated ;
+---------------------------------+--------------------+------+-------------------------------------------+
; Assignment                      ; Value              ; From ; To                                        ;
+---------------------------------+--------------------+------+-------------------------------------------+
; OPTIMIZE_POWER_DURING_SYNTHESIS ; NORMAL_COMPILATION ; -    ; -                                         ;
+---------------------------------+--------------------+------+-------------------------------------------+


+---------------------------------------------------------------+
; Parameter Settings for User Entity Instance: LPM_RAM_DQ:inst1 ;
+------------------------+---------------+----------------------+
; Parameter Name         ; Value         ; Type                 ;
+------------------------+---------------+----------------------+
; LPM_WIDTH              ; 8             ; Untyped              ;
; LPM_WIDTHAD            ; 8             ; Untyped              ;
; LPM_NUMWORDS           ; 256           ; Untyped              ;
; LPM_INDATA             ; REGISTERED    ; Untyped              ;
; LPM_ADDRESS_CONTROL    ; REGISTERED    ; Untyped              ;
; LPM_OUTDATA            ; UNREGISTERED  ; Untyped              ;
; LPM_FILE               ; PC_AR_RAM.hex ; Untyped              ;
; USE_EAB                ; ON            ; Untyped              ;
; DEVICE_FAMILY          ; Cyclone IV E  ; Untyped              ;
; CBXI_PARAMETER         ; NOTHING       ; Untyped              ;
; AUTO_CARRY_CHAINS      ; ON            ; AUTO_CARRY           ;
; IGNORE_CARRY_BUFFERS   ; OFF           ; IGNORE_CARRY         ;
; AUTO_CASCADE_CHAINS    ; ON            ; AUTO_CASCADE         ;
; IGNORE_CASCADE_BUFFERS ; OFF           ; IGNORE_CASCADE       ;
+------------------------+---------------+----------------------+
Note: In order to hide this table in the UI and the text report file, please set the "Show Parameter Settings in Synthesis Report" option in "Analysis and Synthesis Settings -> More Settings" to "Off".


+----------------------------------------------------------------------+
; Parameter Settings for User Entity Instance: PC_AR:inst|BUSMUX:inst3 ;
+----------------+-------+---------------------------------------------+
; Parameter Name ; Value ; Type                                        ;
+----------------+-------+---------------------------------------------+
; WIDTH          ; 8     ; Untyped                                     ;
+----------------+-------+---------------------------------------------+
Note: In order to hide this table in the UI and the text report file, please set the "Show Parameter Settings in Synthesis Report" option in "Analysis and Synthesis Settings -> More Settings" to "Off".


+----------------------------------------------------------------------------------------------------------+
; Parameter Settings for User Entity Instance: PC_AR:inst|counter0:inst4|lpm_counter:LPM_COUNTER_component ;
+------------------------+--------------+------------------------------------------------------------------+
; Parameter Name         ; Value        ; Type                                                             ;
+------------------------+--------------+------------------------------------------------------------------+
; AUTO_CARRY_CHAINS      ; ON           ; AUTO_CARRY                                                       ;
; IGNORE_CARRY_BUFFERS   ; OFF          ; IGNORE_CARRY                                                     ;
; AUTO_CASCADE_CHAINS    ; ON           ; AUTO_CASCADE                                                     ;
; IGNORE_CASCADE_BUFFERS ; OFF          ; IGNORE_CASCADE                                                   ;
; LPM_WIDTH              ; 8            ; Signed Integer                                                   ;
; LPM_DIRECTION          ; UP           ; Untyped                                                          ;
; LPM_MODULUS            ; 0            ; Untyped                                                          ;
; LPM_AVALUE             ; UNUSED       ; Untyped                                                          ;
; LPM_SVALUE             ; UNUSED       ; Untyped                                                          ;
; LPM_PORT_UPDOWN        ; PORT_UNUSED  ; Untyped                                                          ;
; DEVICE_FAMILY          ; Cyclone IV E ; Untyped                                                          ;
; CARRY_CHAIN            ; MANUAL       ; Untyped                                                          ;
; CARRY_CHAIN_LENGTH     ; 48           ; CARRY_CHAIN_LENGTH                                               ;
; NOT_GATE_PUSH_BACK     ; ON           ; NOT_GATE_PUSH_BACK                                               ;
; CARRY_CNT_EN           ; SMART        ; Untyped                                                          ;
; LABWIDE_SCLR           ; ON           ; Untyped                                                          ;
; USE_NEW_VERSION        ; TRUE         ; Untyped                                                          ;
; CBXI_PARAMETER         ; cntr_b6j     ; Untyped                                                          ;
+------------------------+--------------+------------------------------------------------------------------+
Note: In order to hide this table in the UI and the text report file, please set the "Show Parameter Settings in Synthesis Report" option in "Analysis and Synthesis Settings -> More Settings" to "Off".


+-----------------------------------------------------+
; Post-Synthesis Netlist Statistics for Top Partition ;
+-----------------------+-----------------------------+
; Type                  ; Count                       ;
+-----------------------+-----------------------------+
; boundary_port         ; 31                          ;
; cycloneiii_ff         ; 16                          ;
;     CLR               ; 8                           ;
;     plain             ; 8                           ;
; cycloneiii_lcell_comb ; 50                          ;
;     arith             ; 7                           ;
;         2 data inputs ; 7                           ;
;     normal            ; 43                          ;
;         1 data inputs ; 1                           ;
;         2 data inputs ; 17                          ;
;         3 data inputs ; 1                           ;
;         4 data inputs ; 24                          ;
; cycloneiii_ram_block  ; 8                           ;
;                       ;                             ;
; Max LUT depth         ; 3.70                        ;
; Average LUT depth     ; 2.02                        ;
+-----------------------+-----------------------------+


+-------------------------------+
; Elapsed Time Per Partition    ;
+----------------+--------------+
; Partition Name ; Elapsed Time ;
+----------------+--------------+
; Top            ; 00:00:00     ;
+----------------+--------------+


+-------------------------------+
; Analysis & Synthesis Messages ;
+-------------------------------+
Info: *******************************************************************
Info: Running Quartus Prime Analysis & Synthesis
    Info: Version 17.1.0 Build 590 10/25/2017 SJ Lite Edition
    Info: Processing started: Tue Nov 01 11:21:34 2022
Info: Command: quartus_map --read_settings_files=on --write_settings_files=off PC_AR_RAM -c PC_AR_RAM
Warning (18236): Number of processors has not been specified which may cause overloading on shared machines.  Set the global assignment NUM_PARALLEL_PROCESSORS in your QSF to an appropriate value for best performance.
Info (20030): Parallel compilation is enabled and will use 16 of the 16 processors detected
Info (12021): Found 1 design units, including 1 entities, in source file pc_ar_ram.bdf
    Info (12023): Found entity 1: PC_AR_RAM
Info (12021): Found 1 design units, including 1 entities, in source file counter0.v
    Info (12023): Found entity 1: counter0 File: D:/HardWare/CH5/PC_AR_RAM/counter0.v Line: 39
Info (12127): Elaborating entity "PC_AR_RAM" for the top level hierarchy
Warning (275006): Can't find a definition for parameter LPM_FILE -- assuming PC_AR_RAM.hex was intended to be a quoted string
Info (12128): Elaborating entity "LPM_RAM_DQ" for hierarchy "LPM_RAM_DQ:inst1"
Info (12130): Elaborated megafunction instantiation "LPM_RAM_DQ:inst1"
Info (12133): Instantiated megafunction "LPM_RAM_DQ:inst1" with the following parameter:
    Info (12134): Parameter "LPM_FILE" = "PC_AR_RAM.hex"
    Info (12134): Parameter "LPM_OUTDATA" = "UNREGISTERED"
    Info (12134): Parameter "LPM_WIDTH" = "8"
    Info (12134): Parameter "LPM_WIDTHAD" = "8"
Info (12128): Elaborating entity "altram" for hierarchy "LPM_RAM_DQ:inst1|altram:sram" File: f:/enviroment/quartus/quartus/libraries/megafunctions/lpm_ram_dq.tdf Line: 105
Warning (287001): Assertion warning: altram does not support Cyclone IV E device family -- attempting best-case memory conversions, but power-up states and read during write behavior will be different for Cyclone IV E devices File: f:/enviroment/quartus/quartus/libraries/megafunctions/altram.tdf Line: 211
Info (12131): Elaborated megafunction instantiation "LPM_RAM_DQ:inst1|altram:sram", which is child of megafunction instantiation "LPM_RAM_DQ:inst1" File: f:/enviroment/quartus/quartus/libraries/megafunctions/lpm_ram_dq.tdf Line: 105
Info (12128): Elaborating entity "altsyncram" for hierarchy "LPM_RAM_DQ:inst1|altram:sram|altsyncram:ram_block" File: f:/enviroment/quartus/quartus/libraries/megafunctions/altram.tdf Line: 102
Info (12131): Elaborated megafunction instantiation "LPM_RAM_DQ:inst1|altram:sram|altsyncram:ram_block", which is child of megafunction instantiation "LPM_RAM_DQ:inst1" File: f:/enviroment/quartus/quartus/libraries/megafunctions/altram.tdf Line: 102
Info (12021): Found 1 design units, including 1 entities, in source file db/altsyncram_l4a1.tdf
    Info (12023): Found entity 1: altsyncram_l4a1 File: D:/HardWare/CH5/PC_AR_RAM/db/altsyncram_l4a1.tdf Line: 27
Info (12128): Elaborating entity "altsyncram_l4a1" for hierarchy "LPM_RAM_DQ:inst1|altram:sram|altsyncram:ram_block|altsyncram_l4a1:auto_generated" File: f:/enviroment/quartus/quartus/libraries/megafunctions/altsyncram.tdf Line: 791
Warning (12125): Using design file pc_ar.bdf, which is not specified as a design file for the current project, but contains definitions for 1 design units and 1 entities in project
    Info (12023): Found entity 1: PC_AR
Info (12128): Elaborating entity "PC_AR" for hierarchy "PC_AR:inst"
Warning (12125): Using design file 273.bdf, which is not specified as a design file for the current project, but contains definitions for 1 design units and 1 entities in project
    Info (12023): Found entity 1: 273
Info (12128): Elaborating entity "273" for hierarchy "PC_AR:inst|273:inst"
Info (12128): Elaborating entity "BUSMUX" for hierarchy "PC_AR:inst|BUSMUX:inst3"
Info (12130): Elaborated megafunction instantiation "PC_AR:inst|BUSMUX:inst3"
Info (12133): Instantiated megafunction "PC_AR:inst|BUSMUX:inst3" with the following parameter:
    Info (12134): Parameter "WIDTH" = "8"
Info (12128): Elaborating entity "lpm_mux" for hierarchy "PC_AR:inst|BUSMUX:inst3|lpm_mux:$00000" File: f:/enviroment/quartus/quartus/libraries/megafunctions/busmux.tdf Line: 43
Info (12131): Elaborated megafunction instantiation "PC_AR:inst|BUSMUX:inst3|lpm_mux:$00000", which is child of megafunction instantiation "PC_AR:inst|BUSMUX:inst3" File: f:/enviroment/quartus/quartus/libraries/megafunctions/busmux.tdf Line: 43
Info (12021): Found 1 design units, including 1 entities, in source file db/mux_erc.tdf
    Info (12023): Found entity 1: mux_erc File: D:/HardWare/CH5/PC_AR_RAM/db/mux_erc.tdf Line: 22
Info (12128): Elaborating entity "mux_erc" for hierarchy "PC_AR:inst|BUSMUX:inst3|lpm_mux:$00000|mux_erc:auto_generated" File: f:/enviroment/quartus/quartus/libraries/megafunctions/lpm_mux.tdf Line: 86
Info (12128): Elaborating entity "counter0" for hierarchy "PC_AR:inst|counter0:inst4"
Info (12128): Elaborating entity "lpm_counter" for hierarchy "PC_AR:inst|counter0:inst4|lpm_counter:LPM_COUNTER_component" File: D:/HardWare/CH5/PC_AR_RAM/counter0.v Line: 70
Info (12130): Elaborated megafunction instantiation "PC_AR:inst|counter0:inst4|lpm_counter:LPM_COUNTER_component" File: D:/HardWare/CH5/PC_AR_RAM/counter0.v Line: 70
Info (12133): Instantiated megafunction "PC_AR:inst|counter0:inst4|lpm_counter:LPM_COUNTER_component" with the following parameter: File: D:/HardWare/CH5/PC_AR_RAM/counter0.v Line: 70
    Info (12134): Parameter "lpm_direction" = "UP"
    Info (12134): Parameter "lpm_port_updown" = "PORT_UNUSED"
    Info (12134): Parameter "lpm_type" = "LPM_COUNTER"
    Info (12134): Parameter "lpm_width" = "8"
Warning (287001): Assertion warning: Counter will power up to an undefined state.  An asynchronous signal should be asserted before the counter reaches a known state. File: D:/HardWare/CH5/PC_AR_RAM/db/cntr_b6j.tdf Line: 152
Info (12021): Found 1 design units, including 1 entities, in source file db/cntr_b6j.tdf
    Info (12023): Found entity 1: cntr_b6j File: D:/HardWare/CH5/PC_AR_RAM/db/cntr_b6j.tdf Line: 27
Info (12128): Elaborating entity "cntr_b6j" for hierarchy "PC_AR:inst|counter0:inst4|lpm_counter:LPM_COUNTER_component|cntr_b6j:auto_generated" File: f:/enviroment/quartus/quartus/libraries/megafunctions/lpm_counter.tdf Line: 258
Info (286030): Timing-Driven Synthesis is running
Info (16010): Generating hard_block partition "hard_block:auto_generated_inst"
    Info (16011): Adding 0 node(s), including 0 DDIO, 0 PLL, 0 transceiver and 0 LCELL
Info (21057): Implemented 89 device resources after synthesis - the final resource count might be different
    Info (21058): Implemented 23 input pins
    Info (21059): Implemented 8 output pins
    Info (21061): Implemented 50 logic cells
    Info (21064): Implemented 8 RAM segments
Info: Quartus Prime Analysis & Synthesis was successful. 0 errors, 6 warnings
    Info: Peak virtual memory: 4847 megabytes
    Info: Processing ended: Tue Nov 01 11:21:47 2022
    Info: Elapsed time: 00:00:13
    Info: Total CPU time (on all processors): 00:00:23


