Flow report for move_computer1119
Wed Nov 24 16:11:11 2021
Quartus II 64-Bit Version 13.1.0 Build 162 10/23/2013 SJ Full Version


---------------------
; Table of Contents ;
---------------------
  1. Legal Notice
  2. Flow Summary
  3. Flow Settings
  4. Flow Non-Default Global Settings
  5. Flow Elapsed Time
  6. Flow OS Summary
  7. Flow Log
  8. Flow Messages
  9. Flow Suppressed Messages



----------------
; Legal Notice ;
----------------
Copyright (C) 1991-2013 Altera Corporation
Your use of Altera Corporation's design tools, logic functions 
and other software and tools, and its AMPP partner logic 
functions, and any output files from any of the foregoing 
(including device programming or simulation files), and any 
associated documentation or information are expressly subject 
to the terms and conditions of the Altera Program License 
Subscription Agreement, Altera MegaCore Function License 
Agreement, or other applicable license agreement, including, 
without limitation, that your use is for the sole purpose of 
programming logic devices manufactured by Altera and sold by 
Altera or its authorized distributors.  Please refer to the 
applicable agreement for further details.



+----------------------------------------------------------------------------------+
; Flow Summary                                                                     ;
+------------------------------------+---------------------------------------------+
; Flow Status                        ; Successful - Wed Nov 24 16:11:11 2021       ;
; Quartus II 64-Bit Version          ; 13.1.0 Build 162 10/23/2013 SJ Full Version ;
; Revision Name                      ; move_computer1119                           ;
; Top-level Entity Name              ; move_computer1119                           ;
; Family                             ; Cyclone IV E                                ;
; Device                             ; EP4CE55F23C8                                ;
; Timing Models                      ; Final                                       ;
; Total logic elements               ; 292 / 55,856 ( < 1 % )                      ;
;     Total combinational functions  ; 288 / 55,856 ( < 1 % )                      ;
;     Dedicated logic registers      ; 92 / 55,856 ( < 1 % )                       ;
; Total registers                    ; 92                                          ;
; Total pins                         ; 89 / 325 ( 27 % )                           ;
; Total virtual pins                 ; 0                                           ;
; Total memory bits                  ; 3,584 / 2,396,160 ( < 1 % )                 ;
; Embedded Multiplier 9-bit elements ; 0 / 308 ( 0 % )                             ;
; Total PLLs                         ; 0 / 4 ( 0 % )                               ;
+------------------------------------+---------------------------------------------+


+-----------------------------------------+
; Flow Settings                           ;
+-------------------+---------------------+
; Option            ; Setting             ;
+-------------------+---------------------+
; Start date & time ; 11/24/2021 16:09:40 ;
; Main task         ; Compilation         ;
; Revision Name     ; move_computer1119   ;
+-------------------+---------------------+


+---------------------------------------------------------------------------------------------------------------------------------------+
; Flow Non-Default Global Settings                                                                                                      ;
+-------------------------------------+--------------------------------------------------+---------------+-------------+----------------+
; Assignment Name                     ; Value                                            ; Default Value ; Entity Name ; Section Id     ;
+-------------------------------------+--------------------------------------------------+---------------+-------------+----------------+
; COMPILER_SIGNATURE_ID               ; 345052807169.163774137911120                     ; --            ; --          ; --             ;
; EDA_GENERATE_FUNCTIONAL_NETLIST     ; On                                               ; --            ; --          ; eda_simulation ;
; EDA_NETLIST_WRITER_OUTPUT_DIR       ; E:/homework/forth/move_computer/simulation/qsim/ ; --            ; --          ; eda_simulation ;
; EDA_OUTPUT_DATA_FORMAT              ; Verilog Hdl                                      ; --            ; --          ; eda_simulation ;
; EDA_SIMULATION_TOOL                 ; ModelSim-Altera (Verilog)                        ; <None>        ; --          ; --             ;
; IP_TOOL_NAME                        ; LPM_MUX                                          ; --            ; --          ; --             ;
; IP_TOOL_VERSION                     ; 13.1                                             ; --            ; --          ; --             ;
; MAX_CORE_JUNCTION_TEMP              ; 85                                               ; --            ; --          ; --             ;
; MIN_CORE_JUNCTION_TEMP              ; 0                                                ; --            ; --          ; --             ;
; MISC_FILE                           ; lpm_mux0.bsf                                     ; --            ; --          ; --             ;
; MISC_FILE                           ; lpm_mux0.cmp                                     ; --            ; --          ; --             ;
; NOMINAL_CORE_SUPPLY_VOLTAGE         ; 1.2V                                             ; --            ; --          ; --             ;
; PARTITION_COLOR                     ; 16764057                                         ; --            ; --          ; Top            ;
; PARTITION_FITTER_PRESERVATION_LEVEL ; PLACEMENT_AND_ROUTING                            ; --            ; --          ; Top            ;
; PARTITION_NETLIST_TYPE              ; SOURCE                                           ; --            ; --          ; Top            ;
; PROJECT_OUTPUT_DIRECTORY            ; output_files                                     ; --            ; --          ; --             ;
+-------------------------------------+--------------------------------------------------+---------------+-------------+----------------+


+-------------------------------------------------------------------------------------------------------------------------------+
; Flow Elapsed Time                                                                                                             ;
+---------------------------+--------------+-------------------------+---------------------+------------------------------------+
; Module Name               ; Elapsed Time ; Average Processors Used ; Peak Virtual Memory ; Total CPU Time (on all processors) ;
+---------------------------+--------------+-------------------------+---------------------+------------------------------------+
; Analysis & Synthesis      ; 00:00:07     ; 1.0                     ; 4706 MB             ; 00:00:07                           ;
; Fitter                    ; 00:00:52     ; 1.8                     ; 5477 MB             ; 00:01:08                           ;
; Assembler                 ; 00:00:07     ; 1.0                     ; 4585 MB             ; 00:00:07                           ;
; TimeQuest Timing Analyzer ; 00:00:09     ; 1.0                     ; 4698 MB             ; 00:00:10                           ;
; EDA Netlist Writer        ; 00:00:01     ; 1.0                     ; 4544 MB             ; 00:00:01                           ;
; Total                     ; 00:01:16     ; --                      ; --                  ; 00:01:33                           ;
+---------------------------+--------------+-------------------------+---------------------+------------------------------------+


+----------------------------------------------------------------------------------------+
; Flow OS Summary                                                                        ;
+---------------------------+------------------+-----------+------------+----------------+
; Module Name               ; Machine Hostname ; OS Name   ; OS Version ; Processor type ;
+---------------------------+------------------+-----------+------------+----------------+
; Analysis & Synthesis      ; DESKTOP-4E4SAU0  ; Windows 7 ; 6.2        ; x86_64         ;
; Fitter                    ; DESKTOP-4E4SAU0  ; Windows 7 ; 6.2        ; x86_64         ;
; Assembler                 ; DESKTOP-4E4SAU0  ; Windows 7 ; 6.2        ; x86_64         ;
; TimeQuest Timing Analyzer ; DESKTOP-4E4SAU0  ; Windows 7 ; 6.2        ; x86_64         ;
; EDA Netlist Writer        ; DESKTOP-4E4SAU0  ; Windows 7 ; 6.2        ; x86_64         ;
+---------------------------+------------------+-----------+------------+----------------+


------------
; Flow Log ;
------------
quartus_map --read_settings_files=on --write_settings_files=off move_computer1119 -c move_computer1119
quartus_fit --read_settings_files=off --write_settings_files=off move_computer1119 -c move_computer1119
quartus_asm --read_settings_files=off --write_settings_files=off move_computer1119 -c move_computer1119
quartus_sta move_computer1119 -c move_computer1119
quartus_eda --read_settings_files=off --write_settings_files=off move_computer1119 -c move_computer1119



