Flow report for uControl1119
Mon Dec 05 22:14:55 2022
Quartus Prime Version 17.1.0 Build 590 10/25/2017 SJ Lite Edition


---------------------
; Table of Contents ;
---------------------
  1. Legal Notice
  2. Flow Summary
  3. Flow Settings
  4. Flow Non-Default Global Settings
  5. Flow Elapsed Time
  6. Flow OS Summary
  7. Flow Log
  8. Flow Messages
  9. Flow Suppressed Messages



----------------
; Legal Notice ;
----------------
Copyright (C) 2017  Intel Corporation. All rights reserved.
Your use of Intel Corporation's design tools, logic functions 
and other software and tools, and its AMPP partner logic 
functions, and any output files from any of the foregoing 
(including device programming or simulation files), and any 
associated documentation or information are expressly subject 
to the terms and conditions of the Intel Program License 
Subscription Agreement, the Intel Quartus Prime License Agreement,
the Intel FPGA IP License Agreement, or other applicable license
agreement, including, without limitation, that your use is for
the sole purpose of programming logic devices manufactured by
Intel and sold by Intel or its authorized distributors.  Please
refer to the applicable agreement for further details.



+----------------------------------------------------------------------------------+
; Flow Summary                                                                     ;
+------------------------------------+---------------------------------------------+
; Flow Status                        ; Successful - Mon Dec 05 22:14:55 2022       ;
; Quartus Prime Version              ; 17.1.0 Build 590 10/25/2017 SJ Lite Edition ;
; Revision Name                      ; uControl1119                                ;
; Top-level Entity Name              ; uControl1119                                ;
; Family                             ; Cyclone IV E                                ;
; Device                             ; EP4CE55F23C8                                ;
; Timing Models                      ; Final                                       ;
; Total logic elements               ; 54 / 55,856 ( < 1 % )                       ;
;     Total combinational functions  ; 52 / 55,856 ( < 1 % )                       ;
;     Dedicated logic registers      ; 11 / 55,856 ( < 1 % )                       ;
; Total registers                    ; 11                                          ;
; Total pins                         ; 63 / 325 ( 19 % )                           ;
; Total virtual pins                 ; 0                                           ;
; Total memory bits                  ; 1,536 / 2,396,160 ( < 1 % )                 ;
; Embedded Multiplier 9-bit elements ; 0 / 308 ( 0 % )                             ;
; Total PLLs                         ; 0 / 4 ( 0 % )                               ;
+------------------------------------+---------------------------------------------+


+-----------------------------------------+
; Flow Settings                           ;
+-------------------+---------------------+
; Option            ; Setting             ;
+-------------------+---------------------+
; Start date & time ; 11/08/2022 09:34:40 ;
; Main task         ; Compilation         ;
; Revision Name     ; uControl1119        ;
+-------------------+---------------------+


+----------------------------------------------------------------------------------------------------------------------------------+
; Flow Non-Default Global Settings                                                                                                 ;
+-------------------------------------+---------------------------------------------+---------------+-------------+----------------+
; Assignment Name                     ; Value                                       ; Default Value ; Entity Name ; Section Id     ;
+-------------------------------------+---------------------------------------------+---------------+-------------+----------------+
; COMPILER_SIGNATURE_ID               ; 154535778316730.166787128012284             ; --            ; --          ; --             ;
; EDA_GENERATE_FUNCTIONAL_NETLIST     ; On                                          ; --            ; --          ; eda_simulation ;
; EDA_NETLIST_WRITER_OUTPUT_DIR       ; E:/homework/forth/uControl/simulation/qsim/ ; --            ; --          ; eda_simulation ;
; EDA_OUTPUT_DATA_FORMAT              ; Verilog Hdl                                 ; --            ; --          ; eda_simulation ;
; EDA_SIMULATION_TOOL                 ; ModelSim-Altera (Verilog)                   ; <None>        ; --          ; --             ;
; MAX_CORE_JUNCTION_TEMP              ; 85                                          ; --            ; --          ; --             ;
; MIN_CORE_JUNCTION_TEMP              ; 0                                           ; --            ; --          ; --             ;
; NOMINAL_CORE_SUPPLY_VOLTAGE         ; 1.2V                                        ; --            ; --          ; --             ;
; PARTITION_COLOR                     ; -- (Not supported for targeted family)      ; --            ; --          ; Top            ;
; PARTITION_FITTER_PRESERVATION_LEVEL ; -- (Not supported for targeted family)      ; --            ; --          ; Top            ;
; PARTITION_NETLIST_TYPE              ; -- (Not supported for targeted family)      ; --            ; --          ; Top            ;
; PROJECT_OUTPUT_DIRECTORY            ; output_files                                ; --            ; --          ; --             ;
+-------------------------------------+---------------------------------------------+---------------+-------------+----------------+


+-------------------------------------------------------------------------------------------------------------------------------+
; Flow Elapsed Time                                                                                                             ;
+---------------------------+--------------+-------------------------+---------------------+------------------------------------+
; Module Name               ; Elapsed Time ; Average Processors Used ; Peak Virtual Memory ; Total CPU Time (on all processors) ;
+---------------------------+--------------+-------------------------+---------------------+------------------------------------+
; Analysis & Synthesis      ; 00:00:12     ; 1.0                     ; 4840 MB             ; 00:00:23                           ;
; Fitter                    ; 00:00:12     ; 1.0                     ; 6564 MB             ; 00:00:17                           ;
; Assembler                 ; 00:00:02     ; 1.0                     ; 4677 MB             ; 00:00:02                           ;
; TimeQuest Timing Analyzer ; 00:00:02     ; 1.1                     ; 4922 MB             ; 00:00:02                           ;
; EDA Netlist Writer        ; 00:00:01     ; 1.0                     ; 4633 MB             ; 00:00:01                           ;
; EDA Netlist Writer        ; 00:00:01     ; 1.0                     ; 4623 MB             ; 00:00:01                           ;
; EDA Netlist Writer        ; 00:00:01     ; 1.0                     ; 4632 MB             ; 00:00:01                           ;
; EDA Netlist Writer        ; 00:00:01     ; 1.0                     ; 4623 MB             ; 00:00:01                           ;
; EDA Netlist Writer        ; 00:00:01     ; 1.0                     ; 4632 MB             ; 00:00:01                           ;
; EDA Netlist Writer        ; 00:00:00     ; 1.0                     ; 4623 MB             ; 00:00:01                           ;
; EDA Netlist Writer        ; 00:00:01     ; 1.0                     ; 4624 MB             ; 00:00:01                           ;
; EDA Netlist Writer        ; 00:00:01     ; 1.0                     ; 4633 MB             ; 00:00:01                           ;
; EDA Netlist Writer        ; 00:00:01     ; 1.0                     ; 4624 MB             ; 00:00:01                           ;
; EDA Netlist Writer        ; 00:00:01     ; 1.0                     ; 4633 MB             ; 00:00:01                           ;
; EDA Netlist Writer        ; 00:00:01     ; 1.0                     ; 4624 MB             ; 00:00:01                           ;
; EDA Netlist Writer        ; 00:00:01     ; 1.0                     ; 4633 MB             ; 00:00:01                           ;
; EDA Netlist Writer        ; 00:00:01     ; 1.0                     ; 4623 MB             ; 00:00:01                           ;
; EDA Netlist Writer        ; 00:00:01     ; 1.0                     ; 4632 MB             ; 00:00:01                           ;
; Total                     ; 00:00:41     ; --                      ; --                  ; 00:00:58                           ;
+---------------------------+--------------+-------------------------+---------------------+------------------------------------+


+-----------------------------------------------------------------------------------------+
; Flow OS Summary                                                                         ;
+---------------------------+------------------+------------+------------+----------------+
; Module Name               ; Machine Hostname ; OS Name    ; OS Version ; Processor type ;
+---------------------------+------------------+------------+------------+----------------+
; Analysis & Synthesis      ; LAPTOP-IQOQ5O8E  ; Windows 10 ; 10.0       ; x86_64         ;
; Fitter                    ; LAPTOP-IQOQ5O8E  ; Windows 10 ; 10.0       ; x86_64         ;
; Assembler                 ; LAPTOP-IQOQ5O8E  ; Windows 10 ; 10.0       ; x86_64         ;
; TimeQuest Timing Analyzer ; LAPTOP-IQOQ5O8E  ; Windows 10 ; 10.0       ; x86_64         ;
; EDA Netlist Writer        ; LAPTOP-IQOQ5O8E  ; Windows 10 ; 10.0       ; x86_64         ;
; EDA Netlist Writer        ; LAPTOP-IQOQ5O8E  ; Windows 10 ; 10.0       ; x86_64         ;
; EDA Netlist Writer        ; LAPTOP-IQOQ5O8E  ; Windows 10 ; 10.0       ; x86_64         ;
; EDA Netlist Writer        ; LAPTOP-IQOQ5O8E  ; Windows 10 ; 10.0       ; x86_64         ;
; EDA Netlist Writer        ; LAPTOP-IQOQ5O8E  ; Windows 10 ; 10.0       ; x86_64         ;
; EDA Netlist Writer        ; LAPTOP-IQOQ5O8E  ; Windows 10 ; 10.0       ; x86_64         ;
; EDA Netlist Writer        ; LAPTOP-IQOQ5O8E  ; Windows 10 ; 10.0       ; x86_64         ;
; EDA Netlist Writer        ; LAPTOP-IQOQ5O8E  ; Windows 10 ; 10.0       ; x86_64         ;
; EDA Netlist Writer        ; LAPTOP-IQOQ5O8E  ; Windows 10 ; 10.0       ; x86_64         ;
; EDA Netlist Writer        ; LAPTOP-IQOQ5O8E  ; Windows 10 ; 10.0       ; x86_64         ;
; EDA Netlist Writer        ; LAPTOP-IQOQ5O8E  ; Windows 10 ; 10.0       ; x86_64         ;
; EDA Netlist Writer        ; LAPTOP-IQOQ5O8E  ; Windows 10 ; 10.0       ; x86_64         ;
; EDA Netlist Writer        ; LAPTOP-IQOQ5O8E  ; Windows 10 ; 10.0       ; x86_64         ;
; EDA Netlist Writer        ; LAPTOP-IQOQ5O8E  ; Windows 10 ; 10.0       ; x86_64         ;
+---------------------------+------------------+------------+------------+----------------+


------------
; Flow Log ;
------------
quartus_map --read_settings_files=on --write_settings_files=off uControl1119 -c uControl1119
quartus_fit --read_settings_files=off --write_settings_files=off uControl1119 -c uControl1119
quartus_asm --read_settings_files=off --write_settings_files=off uControl1119 -c uControl1119
quartus_sta uControl1119 -c uControl1119
quartus_eda --read_settings_files=off --write_settings_files=off uControl1119 -c uControl1119
quartus_eda --gen_testbench --tool=modelsim_oem --format=verilog --write_settings_files=off uControl1119 -c uControl1119 --vector_source=D:/HardWare/CH6/uControl/WaveformuControl1119.vwf --testbench_file=D:/HardWare/CH6/uControl/simulation/qsim/WaveformuControl1119.vwf.vt
quartus_eda --write_settings_files=off --simulation=on --functional=on --flatten_buses=off --tool=modelsim_oem --format=verilog --output_directory=D:/HardWare/CH6/uControl/simulation/qsim/ uControl1119 -c uControl1119
quartus_eda --gen_testbench --tool=modelsim_oem --format=verilog --write_settings_files=off uControl1119 -c uControl1119 --vector_source=D:/HardWare/CH6/uControl/WaveformuControl1119.vwf --testbench_file=D:/HardWare/CH6/uControl/simulation/qsim/WaveformuControl1119.vwf.vt
quartus_eda --write_settings_files=off --simulation=on --functional=on --flatten_buses=off --tool=modelsim_oem --format=verilog --output_directory=D:/HardWare/CH6/uControl/simulation/qsim/ uControl1119 -c uControl1119
quartus_eda --gen_testbench --tool=modelsim_oem --format=verilog --write_settings_files=off uControl1119 -c uControl1119 --vector_source=D:/HardWare/CH6/uControl/Waveform.vwf --testbench_file=D:/HardWare/CH6/uControl/simulation/qsim/Waveform.vwf.vt
quartus_eda --gen_testbench --tool=modelsim_oem --format=verilog --write_settings_files=off uControl1119 -c uControl1119 --vector_source=D:/HardWare/CH6/uControl/WaveformuControl1119.vwf --testbench_file=D:/HardWare/CH6/uControl/simulation/qsim/WaveformuControl1119.vwf.vt
quartus_eda --write_settings_files=off --simulation=on --functional=on --flatten_buses=off --tool=modelsim_oem --format=verilog --output_directory=D:/HardWare/CH6/uControl/simulation/qsim/ uControl1119 -c uControl1119
quartus_eda --gen_testbench --tool=modelsim_oem --format=verilog --write_settings_files=off uControl1119 -c uControl1119 --vector_source=D:/HardWare/CH6/uControl/WaveformuControl1119_0.vwf --testbench_file=D:/HardWare/CH6/uControl/simulation/qsim/WaveformuControl1119_0.vwf.vt
quartus_eda --write_settings_files=off --simulation=on --functional=on --flatten_buses=off --tool=modelsim_oem --format=verilog --output_directory=D:/HardWare/CH6/uControl/simulation/qsim/ uControl1119 -c uControl1119
quartus_eda --gen_testbench --tool=modelsim_oem --format=verilog --write_settings_files=off uControl1119 -c uControl1119 --vector_source=D:/HardWare/CH6/uControl/WaveformuControl1119_0.vwf --testbench_file=D:/HardWare/CH6/uControl/simulation/qsim/WaveformuControl1119_0.vwf.vt
quartus_eda --write_settings_files=off --simulation=on --functional=on --flatten_buses=off --tool=modelsim_oem --format=verilog --output_directory=D:/HardWare/CH6/uControl/simulation/qsim/ uControl1119 -c uControl1119
quartus_eda --gen_testbench --tool=modelsim_oem --format=verilog --write_settings_files=off uControl1119 -c uControl1119 --vector_source=D:/HardWare/CH6/uControl/WaveformuControl1119.vwf --testbench_file=D:/HardWare/CH6/uControl/simulation/qsim/WaveformuControl1119.vwf.vt
quartus_eda --write_settings_files=off --simulation=on --functional=on --flatten_buses=off --tool=modelsim_oem --format=verilog --output_directory=D:/HardWare/CH6/uControl/simulation/qsim/ uControl1119 -c uControl1119



