Flow report for decoder24
Sun Dec 04 21:53:51 2022
Quartus Prime Version 17.1.0 Build 590 10/25/2017 SJ Lite Edition


---------------------
; Table of Contents ;
---------------------
  1. Legal Notice
  2. Flow Summary
  3. Flow Settings
  4. Flow Non-Default Global Settings
  5. Flow Elapsed Time
  6. Flow OS Summary
  7. Flow Log
  8. Flow Messages
  9. Flow Suppressed Messages



----------------
; Legal Notice ;
----------------
Copyright (C) 2017  Intel Corporation. All rights reserved.
Your use of Intel Corporation's design tools, logic functions 
and other software and tools, and its AMPP partner logic 
functions, and any output files from any of the foregoing 
(including device programming or simulation files), and any 
associated documentation or information are expressly subject 
to the terms and conditions of the Intel Program License 
Subscription Agreement, the Intel Quartus Prime License Agreement,
the Intel FPGA IP License Agreement, or other applicable license
agreement, including, without limitation, that your use is for
the sole purpose of programming logic devices manufactured by
Intel and sold by Intel or its authorized distributors.  Please
refer to the applicable agreement for further details.



+----------------------------------------------------------------------------------+
; Flow Summary                                                                     ;
+------------------------------------+---------------------------------------------+
; Flow Status                        ; Successful - Sun Dec 04 21:53:51 2022       ;
; Quartus Prime Version              ; 17.1.0 Build 590 10/25/2017 SJ Lite Edition ;
; Revision Name                      ; decoder24                                   ;
; Top-level Entity Name              ; decoder24                                   ;
; Family                             ; Cyclone IV E                                ;
; Total logic elements               ; 4 / 6,272 ( < 1 % )                         ;
;     Total combinational functions  ; 4 / 6,272 ( < 1 % )                         ;
;     Dedicated logic registers      ; 0 / 6,272 ( 0 % )                           ;
; Total registers                    ; 0                                           ;
; Total pins                         ; 6 / 92 ( 7 % )                              ;
; Total virtual pins                 ; 0                                           ;
; Total memory bits                  ; 0 / 276,480 ( 0 % )                         ;
; Embedded Multiplier 9-bit elements ; 0 / 30 ( 0 % )                              ;
; Total PLLs                         ; 0 / 2 ( 0 % )                               ;
; Device                             ; EP4CE6E22C6                                 ;
; Timing Models                      ; Final                                       ;
+------------------------------------+---------------------------------------------+


+-----------------------------------------+
; Flow Settings                           ;
+-------------------+---------------------+
; Option            ; Setting             ;
+-------------------+---------------------+
; Start date & time ; 12/04/2022 21:52:43 ;
; Main task         ; Compilation         ;
; Revision Name     ; decoder24           ;
+-------------------+---------------------+


+-------------------------------------------------------------------------------------------------------------------------+
; Flow Non-Default Global Settings                                                                                        ;
+-------------------------------------+----------------------------------------+---------------+-------------+------------+
; Assignment Name                     ; Value                                  ; Default Value ; Entity Name ; Section Id ;
+-------------------------------------+----------------------------------------+---------------+-------------+------------+
; COMPILER_SIGNATURE_ID               ; 154535778316730.167016196316672        ; --            ; --          ; --         ;
; PARTITION_COLOR                     ; -- (Not supported for targeted family) ; --            ; --          ; Top        ;
; PARTITION_FITTER_PRESERVATION_LEVEL ; -- (Not supported for targeted family) ; --            ; --          ; Top        ;
; PARTITION_NETLIST_TYPE              ; -- (Not supported for targeted family) ; --            ; --          ; Top        ;
; PROJECT_OUTPUT_DIRECTORY            ; output_files                           ; --            ; --          ; --         ;
+-------------------------------------+----------------------------------------+---------------+-------------+------------+


+-------------------------------------------------------------------------------------------------------------------------------+
; Flow Elapsed Time                                                                                                             ;
+---------------------------+--------------+-------------------------+---------------------+------------------------------------+
; Module Name               ; Elapsed Time ; Average Processors Used ; Peak Virtual Memory ; Total CPU Time (on all processors) ;
+---------------------------+--------------+-------------------------+---------------------+------------------------------------+
; Analysis & Synthesis      ; 00:00:12     ; 1.0                     ; 4777 MB             ; 00:00:22                           ;
; Fitter                    ; 00:00:04     ; 1.0                     ; 6460 MB             ; 00:00:05                           ;
; Assembler                 ; 00:00:01     ; 1.0                     ; 4664 MB             ; 00:00:01                           ;
; TimeQuest Timing Analyzer ; 00:00:02     ; 1.1                     ; 4881 MB             ; 00:00:02                           ;
; EDA Netlist Writer        ; 00:00:00     ; 1.0                     ; 4617 MB             ; 00:00:01                           ;
; EDA Netlist Writer        ; 00:00:01     ; 1.0                     ; 4626 MB             ; 00:00:01                           ;
; EDA Netlist Writer        ; 00:00:01     ; 1.0                     ; 4618 MB             ; 00:00:01                           ;
; EDA Netlist Writer        ; 00:00:01     ; 1.0                     ; 4626 MB             ; 00:00:01                           ;
; Total                     ; 00:00:22     ; --                      ; --                  ; 00:00:34                           ;
+---------------------------+--------------+-------------------------+---------------------+------------------------------------+


+-----------------------------------------------------------------------------------------+
; Flow OS Summary                                                                         ;
+---------------------------+------------------+------------+------------+----------------+
; Module Name               ; Machine Hostname ; OS Name    ; OS Version ; Processor type ;
+---------------------------+------------------+------------+------------+----------------+
; Analysis & Synthesis      ; LAPTOP-IQOQ5O8E  ; Windows 10 ; 10.0       ; x86_64         ;
; Fitter                    ; LAPTOP-IQOQ5O8E  ; Windows 10 ; 10.0       ; x86_64         ;
; Assembler                 ; LAPTOP-IQOQ5O8E  ; Windows 10 ; 10.0       ; x86_64         ;
; TimeQuest Timing Analyzer ; LAPTOP-IQOQ5O8E  ; Windows 10 ; 10.0       ; x86_64         ;
; EDA Netlist Writer        ; LAPTOP-IQOQ5O8E  ; Windows 10 ; 10.0       ; x86_64         ;
; EDA Netlist Writer        ; LAPTOP-IQOQ5O8E  ; Windows 10 ; 10.0       ; x86_64         ;
; EDA Netlist Writer        ; LAPTOP-IQOQ5O8E  ; Windows 10 ; 10.0       ; x86_64         ;
; EDA Netlist Writer        ; LAPTOP-IQOQ5O8E  ; Windows 10 ; 10.0       ; x86_64         ;
+---------------------------+------------------+------------+------------+----------------+


------------
; Flow Log ;
------------
quartus_map --read_settings_files=on --write_settings_files=off decoder24 -c decoder24
quartus_fit --read_settings_files=off --write_settings_files=off decoder24 -c decoder24
quartus_asm --read_settings_files=off --write_settings_files=off decoder24 -c decoder24
quartus_sta decoder24 -c decoder24
quartus_eda --gen_testbench --tool=modelsim_oem --format=verilog --write_settings_files=off decoder24 -c decoder24 --vector_source=D:/HardWare/CH2/decoder24/Waveform.vwf --testbench_file=D:/HardWare/CH2/decoder24/simulation/qsim/Waveform.vwf.vt
quartus_eda --write_settings_files=off --simulation=on --functional=on --flatten_buses=off --tool=modelsim_oem --format=verilog --output_directory=D:/HardWare/CH2/decoder24/simulation/qsim/ decoder24 -c decoder24
quartus_eda --gen_testbench --tool=modelsim_oem --format=verilog --write_settings_files=off decoder24 -c decoder24 --vector_source=D:/HardWare/CH2/decoder24/Waveform.vwf --testbench_file=D:/HardWare/CH2/decoder24/simulation/qsim/Waveform.vwf.vt
quartus_eda --write_settings_files=off --simulation=on --functional=on --flatten_buses=off --tool=modelsim_oem --format=verilog --output_directory=D:/HardWare/CH2/decoder24/simulation/qsim/ decoder24 -c decoder24



